INFO: self config {
  "aug_data_path": "../data/KUAKE/KUAKE-QQR_augment.csv",
  "batch_size": 128,
  "class_list": [
    "0",
    "1",
    "2"
  ],
  "config_file": "../pretrain_models/ERNIE/bert_config.json",
  "data_augment": false,
  "dev_num_examples": 0,
  "dev_path": "../data/KUAKE/KUAKE-QQR_dev.json",
  "device": "cuda",
  "diff_learning_rate": false,
  "early_stop": false,
  "head_learning_rate": 0.001,
  "hidden_dropout_prob": 0.1,
  "hidden_size": 768,
  "is_logging2file": true,
  "learning_rate": 1e-05,
  "logging_dir": "../logging/ernie",
  "model_name_or_path": "../pretrain_models/ERNIE/pytorch_model.bin",
  "models_name": "ernie",
  "multi_drop": 5,
  "num_labels": 3,
  "num_train_epochs": 10,
  "pad_size": 64,
  "pretrain_path": "../pretrain_models/ERNIE",
  "require_improvement": 1000,
  "requires_grad": true,
  "save_file": "ernie",
  "save_path": "../my_model",
  "stop_word_valid": true,
  "task": "KUAKE",
  "test_num_examples": 0,
  "test_path": "../data/KUAKE/KUAKE-QQR_test.json",
  "tokenizer_file": "../pretrain_models/ERNIE/vocab.txt",
  "train_num_examples": 0,
  "train_path": "../data/KUAKE/KUAKE-QQR_train.json",
  "use_model": "bert",
  "warmup_proportion": 0.1,
  "weight_decay": 0.01
}

INFO: ***** Running training *****
INFO:   Train Num examples = 15000
INFO:   Dev Num examples = 1600
INFO:   Num Epochs = 10
INFO:   Instantaneous batch size GPU/CPU = 128
INFO:   Total optimization steps = 1180
INFO:   Train device:cuda
INFO: Iter:   19/ 118,  epoch:    1/  10,  Train Loss: 0.421039,  Train Acc: 39.18%,  Val Loss: 0.424583,  Val Acc: 50.88%,  Time: 9.962928295135498 
INFO: Iter:   39/ 118,  epoch:    1/  10,  Train Loss: 0.421728,  Train Acc: 44.49%,  Val Loss: 0.383571,  Val Acc: 60.00%,  Time: 19.533838272094727 
INFO: Iter:   59/ 118,  epoch:    1/  10,  Train Loss: 0.382308,  Train Acc: 54.57%,  Val Loss: 0.347570,  Val Acc: 63.88%,  Time: 29.128947019577026 
INFO: Iter:   79/ 118,  epoch:    1/  10,  Train Loss: 0.342779,  Train Acc: 60.94%,  Val Loss: 0.313940,  Val Acc: 70.94%,  Time: 38.73763155937195 
INFO: Iter:   99/ 118,  epoch:    1/  10,  Train Loss: 0.279945,  Train Acc: 67.30%,  Val Loss: 0.277136,  Val Acc: 72.56%,  Time: 48.376396894454956 
INFO: Iter:   19/ 118,  epoch:    2/  10,  Train Loss: 0.288979,  Train Acc: 73.40%,  Val Loss: 0.249432,  Val Acc: 78.44%,  Time: 64.82894515991211 
INFO: Iter:   39/ 118,  epoch:    2/  10,  Train Loss: 0.188021,  Train Acc: 77.54%,  Val Loss: 0.240330,  Val Acc: 79.25%,  Time: 74.45025062561035 
INFO: Iter:   59/ 118,  epoch:    2/  10,  Train Loss: 0.213583,  Train Acc: 77.07%,  Val Loss: 0.237264,  Val Acc: 79.25%,  Time: 84.06200575828552 
INFO: Iter:   79/ 118,  epoch:    2/  10,  Train Loss: 0.236963,  Train Acc: 79.45%,  Val Loss: 0.227814,  Val Acc: 80.81%,  Time: 93.6724157333374 
INFO: Iter:   99/ 118,  epoch:    2/  10,  Train Loss: 0.182410,  Train Acc: 80.35%,  Val Loss: 0.219689,  Val Acc: 80.88%,  Time: 103.2845470905304 
INFO: Iter:   19/ 118,  epoch:    3/  10,  Train Loss: 0.201427,  Train Acc: 82.46%,  Val Loss: 0.222095,  Val Acc: 80.06%,  Time: 119.73109292984009 
INFO: Iter:   39/ 118,  epoch:    3/  10,  Train Loss: 0.162483,  Train Acc: 83.98%,  Val Loss: 0.217508,  Val Acc: 80.69%,  Time: 129.34096574783325 
INFO: Iter:   59/ 118,  epoch:    3/  10,  Train Loss: 0.192740,  Train Acc: 83.05%,  Val Loss: 0.211544,  Val Acc: 81.00%,  Time: 138.95536470413208 
INFO: Iter:   79/ 118,  epoch:    3/  10,  Train Loss: 0.186728,  Train Acc: 82.38%,  Val Loss: 0.210668,  Val Acc: 80.94%,  Time: 148.57530069351196 
INFO: Iter:   99/ 118,  epoch:    3/  10,  Train Loss: 0.167322,  Train Acc: 84.30%,  Val Loss: 0.200013,  Val Acc: 81.81%,  Time: 158.20333194732666 
INFO: Iter:   19/ 118,  epoch:    4/  10,  Train Loss: 0.225481,  Train Acc: 84.85%,  Val Loss: 0.203496,  Val Acc: 81.50%,  Time: 174.65470790863037 
INFO: Iter:   39/ 118,  epoch:    4/  10,  Train Loss: 0.159587,  Train Acc: 84.45%,  Val Loss: 0.198077,  Val Acc: 82.19%,  Time: 184.27282810211182 
INFO: model saved, path: ../my_model/best_ernie.pkl
INFO: Iter:   59/ 118,  epoch:    4/  10,  Train Loss: 0.164549,  Train Acc: 85.59%,  Val Loss: 0.194810,  Val Acc: 81.94%,  Time: 194.5638246536255 *
INFO: model saved, path: ../my_model/best_ernie.pkl
INFO: Iter:   79/ 118,  epoch:    4/  10,  Train Loss: 0.157370,  Train Acc: 86.60%,  Val Loss: 0.188236,  Val Acc: 83.06%,  Time: 205.53698229789734 *
INFO: Iter:   99/ 118,  epoch:    4/  10,  Train Loss: 0.116289,  Train Acc: 86.29%,  Val Loss: 0.194772,  Val Acc: 81.75%,  Time: 215.14158582687378 
INFO: Iter:   19/ 118,  epoch:    5/  10,  Train Loss: 0.145401,  Train Acc: 86.37%,  Val Loss: 0.192662,  Val Acc: 82.31%,  Time: 231.6910376548767 
INFO: Iter:   39/ 118,  epoch:    5/  10,  Train Loss: 0.148660,  Train Acc: 88.01%,  Val Loss: 0.190777,  Val Acc: 81.62%,  Time: 241.2939431667328 
INFO: Iter:   59/ 118,  epoch:    5/  10,  Train Loss: 0.118402,  Train Acc: 86.64%,  Val Loss: 0.189244,  Val Acc: 82.50%,  Time: 250.9241828918457 
INFO: Iter:   79/ 118,  epoch:    5/  10,  Train Loss: 0.117078,  Train Acc: 88.09%,  Val Loss: 0.190237,  Val Acc: 82.31%,  Time: 260.54557394981384 
INFO: model saved, path: ../my_model/best_ernie.pkl
INFO: Iter:   99/ 118,  epoch:    5/  10,  Train Loss: 0.130311,  Train Acc: 87.73%,  Val Loss: 0.181109,  Val Acc: 83.62%,  Time: 271.41250824928284 *
INFO: Iter:   19/ 118,  epoch:    6/  10,  Train Loss: 0.107049,  Train Acc: 87.94%,  Val Loss: 0.181365,  Val Acc: 83.62%,  Time: 287.84782791137695 
INFO: Iter:   39/ 118,  epoch:    6/  10,  Train Loss: 0.132602,  Train Acc: 88.28%,  Val Loss: 0.185309,  Val Acc: 83.56%,  Time: 297.44336342811584 
INFO: Iter:   59/ 118,  epoch:    6/  10,  Train Loss: 0.131625,  Train Acc: 88.05%,  Val Loss: 0.184011,  Val Acc: 83.44%,  Time: 307.03537774086 
INFO: Iter:   79/ 118,  epoch:    6/  10,  Train Loss: 0.124655,  Train Acc: 89.38%,  Val Loss: 0.180958,  Val Acc: 83.56%,  Time: 316.6383652687073 
INFO: Iter:   99/ 118,  epoch:    6/  10,  Train Loss: 0.118820,  Train Acc: 87.27%,  Val Loss: 0.179746,  Val Acc: 83.19%,  Time: 326.25070691108704 
INFO: Iter:   19/ 118,  epoch:    7/  10,  Train Loss: 0.140624,  Train Acc: 88.53%,  Val Loss: 0.184287,  Val Acc: 82.38%,  Time: 342.7219488620758 
INFO: Iter:   39/ 118,  epoch:    7/  10,  Train Loss: 0.133183,  Train Acc: 89.53%,  Val Loss: 0.184291,  Val Acc: 83.50%,  Time: 352.34980511665344 
INFO: Iter:   59/ 118,  epoch:    7/  10,  Train Loss: 0.144199,  Train Acc: 88.55%,  Val Loss: 0.181798,  Val Acc: 83.31%,  Time: 361.97816944122314 
INFO: Iter:   79/ 118,  epoch:    7/  10,  Train Loss: 0.123884,  Train Acc: 88.55%,  Val Loss: 0.182731,  Val Acc: 82.94%,  Time: 371.61834144592285 
INFO: model saved, path: ../my_model/best_ernie.pkl
INFO: Iter:   99/ 118,  epoch:    7/  10,  Train Loss: 0.151228,  Train Acc: 89.57%,  Val Loss: 0.175637,  Val Acc: 84.00%,  Time: 382.58470392227173 *
INFO: Iter:   19/ 118,  epoch:    8/  10,  Train Loss: 0.156144,  Train Acc: 89.77%,  Val Loss: 0.180602,  Val Acc: 83.38%,  Time: 399.0473463535309 
INFO: Iter:   39/ 118,  epoch:    8/  10,  Train Loss: 0.135897,  Train Acc: 89.57%,  Val Loss: 0.185680,  Val Acc: 82.38%,  Time: 408.65119671821594 
INFO: Iter:   59/ 118,  epoch:    8/  10,  Train Loss: 0.141129,  Train Acc: 89.49%,  Val Loss: 0.178742,  Val Acc: 83.88%,  Time: 418.274338722229 
INFO: Iter:   79/ 118,  epoch:    8/  10,  Train Loss: 0.141948,  Train Acc: 90.27%,  Val Loss: 0.179865,  Val Acc: 83.19%,  Time: 427.8909158706665 
INFO: Iter:   99/ 118,  epoch:    8/  10,  Train Loss: 0.143268,  Train Acc: 89.30%,  Val Loss: 0.179424,  Val Acc: 83.50%,  Time: 437.5196442604065 
INFO: Iter:   19/ 118,  epoch:    9/  10,  Train Loss: 0.120707,  Train Acc: 89.89%,  Val Loss: 0.180870,  Val Acc: 83.88%,  Time: 453.97253608703613 
INFO: Iter:   39/ 118,  epoch:    9/  10,  Train Loss: 0.138540,  Train Acc: 90.35%,  Val Loss: 0.178778,  Val Acc: 84.00%,  Time: 463.58546781539917 
INFO: Iter:   59/ 118,  epoch:    9/  10,  Train Loss: 0.156653,  Train Acc: 89.34%,  Val Loss: 0.181501,  Val Acc: 83.62%,  Time: 473.2124538421631 
INFO: Iter:   79/ 118,  epoch:    9/  10,  Train Loss: 0.121905,  Train Acc: 89.57%,  Val Loss: 0.181385,  Val Acc: 83.25%,  Time: 482.858514547348 
INFO: Iter:   99/ 118,  epoch:    9/  10,  Train Loss: 0.111964,  Train Acc: 90.55%,  Val Loss: 0.178823,  Val Acc: 83.81%,  Time: 492.46881890296936 
INFO: Iter:   19/ 118,  epoch:   10/  10,  Train Loss: 0.069075,  Train Acc: 90.76%,  Val Loss: 0.183001,  Val Acc: 82.94%,  Time: 509.0318953990936 
INFO: Iter:   39/ 118,  epoch:   10/  10,  Train Loss: 0.091763,  Train Acc: 90.04%,  Val Loss: 0.181377,  Val Acc: 83.62%,  Time: 518.6376669406891 
INFO: Iter:   59/ 118,  epoch:   10/  10,  Train Loss: 0.135464,  Train Acc: 90.27%,  Val Loss: 0.181089,  Val Acc: 83.62%,  Time: 528.2399299144745 
INFO: Iter:   79/ 118,  epoch:   10/  10,  Train Loss: 0.109641,  Train Acc: 89.96%,  Val Loss: 0.182026,  Val Acc: 83.31%,  Time: 537.8555703163147 
INFO: Iter:   99/ 118,  epoch:   10/  10,  Train Loss: 0.168208,  Train Acc: 90.12%,  Val Loss: 0.181079,  Val Acc: 83.56%,  Time: 547.4841060638428 
