Namespace(bidirection=False, checkpoint='checkpoint_lstm/', crf=False, epoch=100, gpu=['1'], seed=1, weighted_tag=False)
word table length: 55004
单向LSTM

================= Epoch: 0 / 100 ===============
iter  2376 loss: tensor(49.4993, device='cuda:0', grad_fn=<DivBackward0>)  lr: 0.015
iter  4776 loss: tensor(38.4279, device='cuda:0', grad_fn=<DivBackward0>)  lr: 0.015
iter  7176 loss: tensor(34.3649, device='cuda:0', grad_fn=<DivBackward0>)  lr: 0.015
iter  9576 loss: tensor(31.6958, device='cuda:0', grad_fn=<DivBackward0>)  lr: 0.015
iter  11976 loss: tensor(29.7622, device='cuda:0', grad_fn=<DivBackward0>)  lr: 0.015
iter  14376 loss: tensor(27.6628, device='cuda:0', grad_fn=<DivBackward0>)  lr: 0.015
******Testing...
The confusion matrix is saved in checkpoint_lstm//Con_Matrix.txt
Max accuracy's model is saved in  checkpoint_lstm//epoch_max_accuracy.pkl
Acc: 0.610797852281502 ( 136054 / 222748 )    Max acc so far: 0.610797852281502
One epoch use time: 39.381778

================= Epoch: 1 / 100 ===============
iter  2376 loss: tensor(25.1344, device='cuda:0', grad_fn=<DivBackward0>)  lr: 0.015
iter  4776 loss: tensor(24.1687, device='cuda:0', grad_fn=<DivBackward0>)  lr: 0.015
iter  7176 loss: tensor(22.5488, device='cuda:0', grad_fn=<DivBackward0>)  lr: 0.015
iter  9576 loss: tensor(21.6536, device='cuda:0', grad_fn=<DivBackward0>)  lr: 0.015
iter  11976 loss: tensor(20.5274, device='cuda:0', grad_fn=<DivBackward0>)  lr: 0.015
iter  14376 loss: tensor(19.6253, device='cuda:0', grad_fn=<DivBackward0>)  lr: 0.015
******Testing...
The confusion matrix is saved in checkpoint_lstm//Con_Matrix.txt
Max accuracy's model is saved in  checkpoint_lstm//epoch_max_accuracy.pkl
Acc: 0.723162497530842 ( 161083 / 222748 )    Max acc so far: 0.723162497530842
One epoch use time: 39.228774

================= Epoch: 2 / 100 ===============
iter  2376 loss: tensor(18.3657, device='cuda:0', grad_fn=<DivBackward0>)  lr: 0.015
iter  4776 loss: tensor(17.9600, device='cuda:0', grad_fn=<DivBackward0>)  lr: 0.015
iter  7176 loss: tensor(16.9866, device='cuda:0', grad_fn=<DivBackward0>)  lr: 0.015
iter  9576 loss: tensor(16.7068, device='cuda:0', grad_fn=<DivBackward0>)  lr: 0.015
iter  11976 loss: tensor(15.9904, device='cuda:0', grad_fn=<DivBackward0>)  lr: 0.015
iter  14376 loss: tensor(15.5401, device='cuda:0', grad_fn=<DivBackward0>)  lr: 0.015
******Testing...
The confusion matrix is saved in checkpoint_lstm//Con_Matrix.txt
Max accuracy's model is saved in  checkpoint_lstm//epoch_max_accuracy.pkl
Acc: 0.7731427442670641 ( 172216 / 222748 )    Max acc so far: 0.7731427442670641
One epoch use time: 38.85068600000001

================= Epoch: 3 / 100 ===============
iter  2376 loss: tensor(14.7645, device='cuda:0', grad_fn=<DivBackward0>)  lr: 0.015
iter  4776 loss: tensor(14.5252, device='cuda:0', grad_fn=<DivBackward0>)  lr: 0.015
iter  7176 loss: tensor(13.8820, device='cuda:0', grad_fn=<DivBackward0>)  lr: 0.015
iter  9576 loss: tensor(13.8155, device='cuda:0', grad_fn=<DivBackward0>)  lr: 0.015
iter  11976 loss: tensor(13.2962, device='cuda:0', grad_fn=<DivBackward0>)  lr: 0.015
iter  14376 loss: tensor(12.9873, device='cuda:0', grad_fn=<DivBackward0>)  lr: 0.015
******Testing...
The confusion matrix is saved in checkpoint_lstm//Con_Matrix.txt
Max accuracy's model is saved in  checkpoint_lstm//epoch_max_accuracy.pkl
Acc: 0.8008781223624903 ( 178394 / 222748 )    Max acc so far: 0.8008781223624903
One epoch use time: 39.01053499999999

================= Epoch: 4 / 100 ===============
iter  2376 loss: tensor(12.4860, device='cuda:0', grad_fn=<DivBackward0>)  lr: 0.015
iter  4776 loss: tensor(12.2806, device='cuda:0', grad_fn=<DivBackward0>)  lr: 0.015
iter  7176 loss: tensor(11.8249, device='cuda:0', grad_fn=<DivBackward0>)  lr: 0.015
iter  9576 loss: tensor(11.8432, device='cuda:0', grad_fn=<DivBackward0>)  lr: 0.015
iter  11976 loss: tensor(11.4409, device='cuda:0', grad_fn=<DivBackward0>)  lr: 0.015
iter  14376 loss: tensor(11.2075, device='cuda:0', grad_fn=<DivBackward0>)  lr: 0.015
******Testing...
The confusion matrix is saved in checkpoint_lstm//Con_Matrix.txt
Max accuracy's model is saved in  checkpoint_lstm//epoch_max_accuracy.pkl
Acc: 0.8206044498716037 ( 182788 / 222748 )    Max acc so far: 0.8206044498716037
One epoch use time: 39.10494

================= Epoch: 5 / 100 ===============
iter  2376 loss: tensor(10.8603, device='cuda:0', grad_fn=<DivBackward0>)  lr: 0.015
iter  4776 loss: tensor(10.6695, device='cuda:0', grad_fn=<DivBackward0>)  lr: 0.015
iter  7176 loss: tensor(10.3390, device='cuda:0', grad_fn=<DivBackward0>)  lr: 0.015
iter  9576 loss: tensor(10.3893, device='cuda:0', grad_fn=<DivBackward0>)  lr: 0.015
iter  11976 loss: tensor(10.0820, device='cuda:0', grad_fn=<DivBackward0>)  lr: 0.015
iter  14376 loss: tensor(9.8993, device='cuda:0', grad_fn=<DivBackward0>)  lr: 0.015
******Testing...
The confusion matrix is saved in checkpoint_lstm//Con_Matrix.txt
Max accuracy's model is saved in  checkpoint_lstm//epoch_max_accuracy.pkl
Acc: 0.8330220697828937 ( 185554 / 222748 )    Max acc so far: 0.8330220697828937
One epoch use time: 39.273251999999985

================= Epoch: 6 / 100 ===============
iter  2376 loss: tensor(9.6279, device='cuda:0', grad_fn=<DivBackward0>)  lr: 0.015
iter  4776 loss: tensor(9.4516, device='cuda:0', grad_fn=<DivBackward0>)  lr: 0.015
iter  7176 loss: tensor(9.2144, device='cuda:0', grad_fn=<DivBackward0>)  lr: 0.015
iter  9576 loss: tensor(9.2720, device='cuda:0', grad_fn=<DivBackward0>)  lr: 0.015
iter  11976 loss: tensor(9.0434, device='cuda:0', grad_fn=<DivBackward0>)  lr: 0.015
iter  14376 loss: tensor(8.8971, device='cuda:0', grad_fn=<DivBackward0>)  lr: 0.015
******Testing...
The confusion matrix is saved in checkpoint_lstm//Con_Matrix.txt
Max accuracy's model is saved in  checkpoint_lstm//epoch_max_accuracy.pkl
Acc: 0.8398549032987951 ( 187076 / 222748 )    Max acc so far: 0.8398549032987951
One epoch use time: 38.17192700000001

================= Epoch: 7 / 100 ===============
iter  2376 loss: tensor(8.6573, device='cuda:0', grad_fn=<DivBackward0>)  lr: 0.015
iter  4776 loss: tensor(8.5010, device='cuda:0', grad_fn=<DivBackward0>)  lr: 0.015
iter  7176 loss: tensor(8.3303, device='cuda:0', grad_fn=<DivBackward0>)  lr: 0.015
iter  9576 loss: tensor(8.3915, device='cuda:0', grad_fn=<DivBackward0>)  lr: 0.015
iter  11976 loss: tensor(8.2206, device='cuda:0', grad_fn=<DivBackward0>)  lr: 0.015
iter  14376 loss: tensor(8.0970, device='cuda:0', grad_fn=<DivBackward0>)  lr: 0.015
******Testing...
The confusion matrix is saved in checkpoint_lstm//Con_Matrix.txt
Max accuracy's model is saved in  checkpoint_lstm//epoch_max_accuracy.pkl
Acc: 0.8452960295939806 ( 188288 / 222748 )    Max acc so far: 0.8452960295939806
One epoch use time: 37.69771700000001

================= Epoch: 8 / 100 ===============
iter  2376 loss: tensor(7.8768, device='cuda:0', grad_fn=<DivBackward0>)  lr: 0.015
iter  4776 loss: tensor(7.7401, device='cuda:0', grad_fn=<DivBackward0>)  lr: 0.015
iter  7176 loss: tensor(7.6163, device='cuda:0', grad_fn=<DivBackward0>)  lr: 0.015
iter  9576 loss: tensor(7.6790, device='cuda:0', grad_fn=<DivBackward0>)  lr: 0.015
iter  11976 loss: tensor(7.5516, device='cuda:0', grad_fn=<DivBackward0>)  lr: 0.015
iter  14376 loss: tensor(7.4405, device='cuda:0', grad_fn=<DivBackward0>)  lr: 0.015
******Testing...
The confusion matrix is saved in checkpoint_lstm//Con_Matrix.txt
Max accuracy's model is saved in  checkpoint_lstm//epoch_max_accuracy.pkl
Acc: 0.8504543250668918 ( 189437 / 222748 )    Max acc so far: 0.8504543250668918
One epoch use time: 39.33099099999998

================= Epoch: 9 / 100 ===============
iter  2376 loss: tensor(7.2382, device='cuda:0', grad_fn=<DivBackward0>)  lr: 0.015
iter  4776 loss: tensor(7.1175, device='cuda:0', grad_fn=<DivBackward0>)  lr: 0.015
iter  7176 loss: tensor(7.0267, device='cuda:0', grad_fn=<DivBackward0>)  lr: 0.015
iter  9576 loss: tensor(7.0878, device='cuda:0', grad_fn=<DivBackward0>)  lr: 0.015
iter  11976 loss: tensor(6.9967, device='cuda:0', grad_fn=<DivBackward0>)  lr: 0.015
iter  14376 loss: tensor(6.8918, device='cuda:0', grad_fn=<DivBackward0>)  lr: 0.015
******Testing...
The confusion matrix is saved in checkpoint_lstm//Con_Matrix.txt
Max accuracy's model is saved in  checkpoint_lstm//epoch_max_accuracy.pkl
Acc: 0.8559987070590982 ( 190672 / 222748 )    Max acc so far: 0.8559987070590982
One epoch use time: 40.829702

================= Epoch: 10 / 100 ===============
iter  2376 loss: tensor(6.7049, device='cuda:0', grad_fn=<DivBackward0>)  lr: 0.015
iter  4776 loss: tensor(6.5984, device='cuda:0', grad_fn=<DivBackward0>)  lr: 0.015
iter  7176 loss: tensor(6.5307, device='cuda:0', grad_fn=<DivBackward0>)  lr: 0.015
iter  9576 loss: tensor(6.5883, device='cuda:0', grad_fn=<DivBackward0>)  lr: 0.015
iter  11976 loss: tensor(6.5280, device='cuda:0', grad_fn=<DivBackward0>)  lr: 0.015
iter  14376 loss: tensor(6.4265, device='cuda:0', grad_fn=<DivBackward0>)  lr: 0.015
******Testing...
The confusion matrix is saved in checkpoint_lstm//Con_Matrix.txt
Max accuracy's model is saved in  checkpoint_lstm//epoch_max_accuracy.pkl
Acc: 0.8560121751934922 ( 190675 / 222748 )    Max acc so far: 0.8560121751934922
One epoch use time: 38.99886600000002

================= Epoch: 11 / 100 ===============
iter  2376 loss: tensor(6.2522, device='cuda:0', grad_fn=<DivBackward0>)  lr: 0.015
iter  4776 loss: tensor(6.1581, device='cuda:0', grad_fn=<DivBackward0>)  lr: 0.015
iter  7176 loss: tensor(6.1065, device='cuda:0', grad_fn=<DivBackward0>)  lr: 0.015
iter  9576 loss: tensor(6.1612, device='cuda:0', grad_fn=<DivBackward0>)  lr: 0.015
iter  11976 loss: tensor(6.1254, device='cuda:0', grad_fn=<DivBackward0>)  lr: 0.015
iter  14376 loss: tensor(6.0267, device='cuda:0', grad_fn=<DivBackward0>)  lr: 0.015
******Testing...
The confusion matrix is saved in checkpoint_lstm//Con_Matrix.txt
Max accuracy's model is saved in  checkpoint_lstm//epoch_max_accuracy.pkl
Acc: 0.8588135471474492 ( 191299 / 222748 )    Max acc so far: 0.8588135471474492
One epoch use time: 38.79466000000002

================= Epoch: 12 / 100 ===============
iter  2376 loss: tensor(5.8636, device='cuda:0', grad_fn=<DivBackward0>)  lr: 0.015
iter  4776 loss: tensor(5.7795, device='cuda:0', grad_fn=<DivBackward0>)  lr: 0.015
iter  7176 loss: tensor(5.7387, device='cuda:0', grad_fn=<DivBackward0>)  lr: 0.015
iter  9576 loss: tensor(5.7927, device='cuda:0', grad_fn=<DivBackward0>)  lr: 0.015
iter  11976 loss: tensor(5.7747, device='cuda:0', grad_fn=<DivBackward0>)  lr: 0.015
iter  14376 loss: tensor(5.6795, device='cuda:0', grad_fn=<DivBackward0>)  lr: 0.015
******Testing...
The confusion matrix is saved in checkpoint_lstm//Con_Matrix.txt
Max accuracy's model is saved in  checkpoint_lstm//epoch_max_accuracy.pkl
Acc: 0.8588270152818431 ( 191302 / 222748 )    Max acc so far: 0.8588270152818431
One epoch use time: 42.473874999999964

================= Epoch: 13 / 100 ===============
iter  2376 loss: tensor(5.5266, device='cuda:0', grad_fn=<DivBackward0>)  lr: 0.015
iter  4776 loss: tensor(5.4502, device='cuda:0', grad_fn=<DivBackward0>)  lr: 0.015
iter  7176 loss: tensor(5.4158, device='cuda:0', grad_fn=<DivBackward0>)  lr: 0.015
iter  9576 loss: tensor(5.4716, device='cuda:0', grad_fn=<DivBackward0>)  lr: 0.015
iter  11976 loss: tensor(5.4660, device='cuda:0', grad_fn=<DivBackward0>)  lr: 0.015
iter  14376 loss: tensor(5.3748, device='cuda:0', grad_fn=<DivBackward0>)  lr: 0.015
******Testing...
The confusion matrix is saved in checkpoint_lstm//Con_Matrix.txt
Max accuracy's model is saved in  checkpoint_lstm//epoch_max_accuracy.pkl
Acc: 0.8609864061630182 ( 191783 / 222748 )    Max acc so far: 0.8609864061630182
One epoch use time: 38.58547399999998

================= Epoch: 14 / 100 ===============
iter  2376 loss: tensor(5.2312, device='cuda:0', grad_fn=<DivBackward0>)  lr: 0.015
iter  4776 loss: tensor(5.1611, device='cuda:0', grad_fn=<DivBackward0>)  lr: 0.015
iter  7176 loss: tensor(5.1296, device='cuda:0', grad_fn=<DivBackward0>)  lr: 0.015
iter  9576 loss: tensor(5.1886, device='cuda:0', grad_fn=<DivBackward0>)  lr: 0.015
iter  11976 loss: tensor(5.1917, device='cuda:0', grad_fn=<DivBackward0>)  lr: 0.015
iter  14376 loss: tensor(5.1048, device='cuda:0', grad_fn=<DivBackward0>)  lr: 0.015
******Testing...
The confusion matrix is saved in checkpoint_lstm//Con_Matrix.txt
Max accuracy's model is saved in  checkpoint_lstm//epoch_max_accuracy.pkl
Acc: 0.8637563524700559 ( 192400 / 222748 )    Max acc so far: 0.8637563524700559
One epoch use time: 38.89325700000006

================= Epoch: 15 / 100 ===============
iter  2376 loss: tensor(4.9697, device='cuda:0', grad_fn=<DivBackward0>)  lr: 0.015
iter  4776 loss: tensor(4.9046, device='cuda:0', grad_fn=<DivBackward0>)  lr: 0.015
iter  7176 loss: tensor(4.8735, device='cuda:0', grad_fn=<DivBackward0>)  lr: 0.015
iter  9576 loss: tensor(4.9367, device='cuda:0', grad_fn=<DivBackward0>)  lr: 0.015
iter  11976 loss: tensor(4.9460, device='cuda:0', grad_fn=<DivBackward0>)  lr: 0.015
iter  14376 loss: tensor(4.8633, device='cuda:0', grad_fn=<DivBackward0>)  lr: 0.015
******Testing...
The confusion matrix is saved in checkpoint_lstm//Con_Matrix.txt
Max accuracy's model is saved in  checkpoint_lstm//epoch_max_accuracy.pkl
Acc: 0.8649999102124374 ( 192677 / 222748 )    Max acc so far: 0.8649999102124374
One epoch use time: 39.089338999999995

================= Epoch: 16 / 100 ===============
iter  2376 loss: tensor(4.7363, device='cuda:0', grad_fn=<DivBackward0>)  lr: 0.015
iter  4776 loss: tensor(4.6750, device='cuda:0', grad_fn=<DivBackward0>)  lr: 0.015
iter  7176 loss: tensor(4.6428, device='cuda:0', grad_fn=<DivBackward0>)  lr: 0.015
iter  9576 loss: tensor(4.7104, device='cuda:0', grad_fn=<DivBackward0>)  lr: 0.015
iter  11976 loss: tensor(4.7243, device='cuda:0', grad_fn=<DivBackward0>)  lr: 0.015
iter  14376 loss: tensor(4.6454, device='cuda:0', grad_fn=<DivBackward0>)  lr: 0.015
******Testing...
The confusion matrix is saved in checkpoint_lstm//Con_Matrix.txt
Max accuracy's model is saved in  checkpoint_lstm//epoch_max_accuracy.pkl
Acc: 0.865718210713452 ( 192837 / 222748 )    Max acc so far: 0.865718210713452
One epoch use time: 38.977873000000045

================= Epoch: 17 / 100 ===============
iter  2376 loss: tensor(4.5263, device='cuda:0', grad_fn=<DivBackward0>)  lr: 0.015
iter  4776 loss: tensor(4.4678, device='cuda:0', grad_fn=<DivBackward0>)  lr: 0.015
iter  7176 loss: tensor(4.4333, device='cuda:0', grad_fn=<DivBackward0>)  lr: 0.015
iter  9576 loss: tensor(4.5055, device='cuda:0', grad_fn=<DivBackward0>)  lr: 0.015
iter  11976 loss: tensor(4.5233, device='cuda:0', grad_fn=<DivBackward0>)  lr: 0.015
iter  14376 loss: tensor(4.4474, device='cuda:0', grad_fn=<DivBackward0>)  lr: 0.015
******Testing...
The confusion matrix is saved in checkpoint_lstm//Con_Matrix.txt
Max accuracy's model is saved in  checkpoint_lstm//epoch_max_accuracy.pkl
Acc: 0.8675588557473018 ( 193247 / 222748 )    Max acc so far: 0.8675588557473018
One epoch use time: 39.50599900000009

================= Epoch: 18 / 100 ===============
iter  2376 loss: tensor(4.3360, device='cuda:0', grad_fn=<DivBackward0>)  lr: 0.015
iter  4776 loss: tensor(4.2796, device='cuda:0', grad_fn=<DivBackward0>)  lr: 0.015
iter  7176 loss: tensor(4.2421, device='cuda:0', grad_fn=<DivBackward0>)  lr: 0.015
iter  9576 loss: tensor(4.3187, device='cuda:0', grad_fn=<DivBackward0>)  lr: 0.015
iter  11976 loss: tensor(4.3396, device='cuda:0', grad_fn=<DivBackward0>)  lr: 0.015
iter  14376 loss: tensor(4.2665, device='cuda:0', grad_fn=<DivBackward0>)  lr: 0.015
******Testing...
The confusion matrix is saved in checkpoint_lstm//Con_Matrix.txt
Max accuracy's model is saved in  checkpoint_lstm//epoch_max_accuracy.pkl
Acc: 0.8680706448542748 ( 193361 / 222748 )    Max acc so far: 0.8680706448542748
One epoch use time: 38.294651000000044

================= Epoch: 19 / 100 ===============
iter  2376 loss: tensor(4.1623, device='cuda:0', grad_fn=<DivBackward0>)  lr: 0.015
iter  4776 loss: tensor(4.1074, device='cuda:0', grad_fn=<DivBackward0>)  lr: 0.015
iter  7176 loss: tensor(4.0666, device='cuda:0', grad_fn=<DivBackward0>)  lr: 0.015
iter  9576 loss: tensor(4.1477, device='cuda:0', grad_fn=<DivBackward0>)  lr: 0.015
iter  11976 loss: tensor(4.1713, device='cuda:0', grad_fn=<DivBackward0>)  lr: 0.015
iter  14376 loss: tensor(4.1003, device='cuda:0', grad_fn=<DivBackward0>)  lr: 0.015
******Testing...
The confusion matrix is saved in checkpoint_lstm//Con_Matrix.txt
Max accuracy's model is saved in  checkpoint_lstm//epoch_max_accuracy.pkl
Acc: 0.8690762655556952 ( 193585 / 222748 )    Max acc so far: 0.8690762655556952
One epoch use time: 38.613293

================= Epoch: 20 / 100 ===============
iter  2376 loss: tensor(4.0030, device='cuda:0', grad_fn=<DivBackward0>)  lr: 0.015
iter  4776 loss: tensor(3.9492, device='cuda:0', grad_fn=<DivBackward0>)  lr: 0.015
iter  7176 loss: tensor(3.9050, device='cuda:0', grad_fn=<DivBackward0>)  lr: 0.015
iter  9576 loss: tensor(3.9904, device='cuda:0', grad_fn=<DivBackward0>)  lr: 0.015
iter  11976 loss: tensor(4.0162, device='cuda:0', grad_fn=<DivBackward0>)  lr: 0.015
iter  14376 loss: tensor(3.9467, device='cuda:0', grad_fn=<DivBackward0>)  lr: 0.015
******Testing...
The confusion matrix is saved in checkpoint_lstm//Con_Matrix.txt
Max accuracy's model is saved in  checkpoint_lstm//epoch_max_accuracy.pkl
Acc: 0.869956183669438 ( 193781 / 222748 )    Max acc so far: 0.869956183669438
One epoch use time: 38.83655199999998

================= Epoch: 21 / 100 ===============
iter  2376 loss: tensor(3.8560, device='cuda:0', grad_fn=<DivBackward0>)  lr: 0.015
iter  4776 loss: tensor(3.8032, device='cuda:0', grad_fn=<DivBackward0>)  lr: 0.015
iter  7176 loss: tensor(3.7554, device='cuda:0', grad_fn=<DivBackward0>)  lr: 0.015
iter  9576 loss: tensor(3.8449, device='cuda:0', grad_fn=<DivBackward0>)  lr: 0.015
iter  11976 loss: tensor(3.8725, device='cuda:0', grad_fn=<DivBackward0>)  lr: 0.015
iter  14376 loss: tensor(3.8043, device='cuda:0', grad_fn=<DivBackward0>)  lr: 0.015
******Testing...
The confusion matrix is saved in checkpoint_lstm//Con_Matrix.txt
Max accuracy's model is saved in  checkpoint_lstm//epoch_max_accuracy.pkl
Acc: 0.8707059098173721 ( 193948 / 222748 )    Max acc so far: 0.8707059098173721
One epoch use time: 38.718384000000015

================= Epoch: 22 / 100 ===============
iter  2376 loss: tensor(3.7200, device='cuda:0', grad_fn=<DivBackward0>)  lr: 0.015
iter  4776 loss: tensor(3.6678, device='cuda:0', grad_fn=<DivBackward0>)  lr: 0.015
iter  7176 loss: tensor(3.6166, device='cuda:0', grad_fn=<DivBackward0>)  lr: 0.015
iter  9576 loss: tensor(3.7099, device='cuda:0', grad_fn=<DivBackward0>)  lr: 0.015
iter  11976 loss: tensor(3.7389, device='cuda:0', grad_fn=<DivBackward0>)  lr: 0.015
iter  14376 loss: tensor(3.6716, device='cuda:0', grad_fn=<DivBackward0>)  lr: 0.015
******Testing...
The confusion matrix is saved in checkpoint_lstm//Con_Matrix.txt
Max accuracy's model is saved in  checkpoint_lstm//epoch_max_accuracy.pkl
Acc: 0.8711728051430316 ( 194052 / 222748 )    Max acc so far: 0.8711728051430316
One epoch use time: 39.03927799999997

================= Epoch: 23 / 100 ===============
iter  2376 loss: tensor(3.5934, device='cuda:0', grad_fn=<DivBackward0>)  lr: 0.015
iter  4776 loss: tensor(3.5417, device='cuda:0', grad_fn=<DivBackward0>)  lr: 0.015
iter  7176 loss: tensor(3.4875, device='cuda:0', grad_fn=<DivBackward0>)  lr: 0.015
iter  9576 loss: tensor(3.5841, device='cuda:0', grad_fn=<DivBackward0>)  lr: 0.015
iter  11976 loss: tensor(3.6143, device='cuda:0', grad_fn=<DivBackward0>)  lr: 0.015
iter  14376 loss: tensor(3.5476, device='cuda:0', grad_fn=<DivBackward0>)  lr: 0.015
******Testing...
The confusion matrix is saved in checkpoint_lstm//Con_Matrix.txt
Max accuracy's model is saved in  checkpoint_lstm//epoch_max_accuracy.pkl
Acc: 0.8715813385529836 ( 194143 / 222748 )    Max acc so far: 0.8715813385529836
One epoch use time: 39.0038659999999

================= Epoch: 24 / 100 ===============
iter  2376 loss: tensor(3.4754, device='cuda:0', grad_fn=<DivBackward0>)  lr: 0.015
iter  4776 loss: tensor(3.4239, device='cuda:0', grad_fn=<DivBackward0>)  lr: 0.015
iter  7176 loss: tensor(3.3672, device='cuda:0', grad_fn=<DivBackward0>)  lr: 0.015
iter  9576 loss: tensor(3.4666, device='cuda:0', grad_fn=<DivBackward0>)  lr: 0.015
iter  11976 loss: tensor(3.4976, device='cuda:0', grad_fn=<DivBackward0>)  lr: 0.015
iter  14376 loss: tensor(3.4314, device='cuda:0', grad_fn=<DivBackward0>)  lr: 0.015
******Testing...
Acc: 0.8711413794961121 ( 194045 / 222748 )    Max acc so far: 0.8715813385529836
One epoch use time: 39.01627400000007

================= Epoch: 25 / 100 ===============
iter  2376 loss: tensor(3.3648, device='cuda:0', grad_fn=<DivBackward0>)  lr: 0.015
iter  4776 loss: tensor(3.3136, device='cuda:0', grad_fn=<DivBackward0>)  lr: 0.015
iter  7176 loss: tensor(3.2546, device='cuda:0', grad_fn=<DivBackward0>)  lr: 0.015
iter  9576 loss: tensor(3.3563, device='cuda:0', grad_fn=<DivBackward0>)  lr: 0.015
iter  11976 loss: tensor(3.3879, device='cuda:0', grad_fn=<DivBackward0>)  lr: 0.015
iter  14376 loss: tensor(3.3224, device='cuda:0', grad_fn=<DivBackward0>)  lr: 0.015
******Testing...
The confusion matrix is saved in checkpoint_lstm//Con_Matrix.txt
Max accuracy's model is saved in  checkpoint_lstm//epoch_max_accuracy.pkl
Acc: 0.8717743818126313 ( 194186 / 222748 )    Max acc so far: 0.8717743818126313
One epoch use time: 39.156971

================= Epoch: 26 / 100 ===============
iter  2376 loss: tensor(3.2609, device='cuda:0', grad_fn=<DivBackward0>)  lr: 0.015
iter  4776 loss: tensor(3.2099, device='cuda:0', grad_fn=<DivBackward0>)  lr: 0.015
iter  7176 loss: tensor(3.1491, device='cuda:0', grad_fn=<DivBackward0>)  lr: 0.015
iter  9576 loss: tensor(3.2526, device='cuda:0', grad_fn=<DivBackward0>)  lr: 0.015
iter  11976 loss: tensor(3.2847, device='cuda:0', grad_fn=<DivBackward0>)  lr: 0.015
iter  14376 loss: tensor(3.2197, device='cuda:0', grad_fn=<DivBackward0>)  lr: 0.015
******Testing...
The confusion matrix is saved in checkpoint_lstm//Con_Matrix.txt
Max accuracy's model is saved in  checkpoint_lstm//epoch_max_accuracy.pkl
Acc: 0.8723714691040997 ( 194319 / 222748 )    Max acc so far: 0.8723714691040997
One epoch use time: 42.62376800000004

================= Epoch: 27 / 100 ===============
iter  2376 loss: tensor(3.1631, device='cuda:0', grad_fn=<DivBackward0>)  lr: 0.015
iter  4776 loss: tensor(3.1122, device='cuda:0', grad_fn=<DivBackward0>)  lr: 0.015
iter  7176 loss: tensor(3.0500, device='cuda:0', grad_fn=<DivBackward0>)  lr: 0.015
iter  9576 loss: tensor(3.1547, device='cuda:0', grad_fn=<DivBackward0>)  lr: 0.015
iter  11976 loss: tensor(3.1872, device='cuda:0', grad_fn=<DivBackward0>)  lr: 0.015
iter  14376 loss: tensor(3.1229, device='cuda:0', grad_fn=<DivBackward0>)  lr: 0.015
******Testing...
The confusion matrix is saved in checkpoint_lstm//Con_Matrix.txt
Max accuracy's model is saved in  checkpoint_lstm//epoch_max_accuracy.pkl
Acc: 0.8733411747804695 ( 194535 / 222748 )    Max acc so far: 0.8733411747804695
One epoch use time: 39.47064

================= Epoch: 28 / 100 ===============
iter  2376 loss: tensor(3.0708, device='cuda:0', grad_fn=<DivBackward0>)  lr: 0.015
iter  4776 loss: tensor(3.0199, device='cuda:0', grad_fn=<DivBackward0>)  lr: 0.015
iter  7176 loss: tensor(2.9566, device='cuda:0', grad_fn=<DivBackward0>)  lr: 0.015
iter  9576 loss: tensor(3.0620, device='cuda:0', grad_fn=<DivBackward0>)  lr: 0.015
iter  11976 loss: tensor(3.0949, device='cuda:0', grad_fn=<DivBackward0>)  lr: 0.015
iter  14376 loss: tensor(3.0314, device='cuda:0', grad_fn=<DivBackward0>)  lr: 0.015
******Testing...
The confusion matrix is saved in checkpoint_lstm//Con_Matrix.txt
Max accuracy's model is saved in  checkpoint_lstm//epoch_max_accuracy.pkl
Acc: 0.8740145815001706 ( 194685 / 222748 )    Max acc so far: 0.8740145815001706
One epoch use time: 39.05414700000006

================= Epoch: 29 / 100 ===============
iter  2376 loss: tensor(2.9834, device='cuda:0', grad_fn=<DivBackward0>)  lr: 0.015
iter  4776 loss: tensor(2.9327, device='cuda:0', grad_fn=<DivBackward0>)  lr: 0.015
iter  7176 loss: tensor(2.8684, device='cuda:0', grad_fn=<DivBackward0>)  lr: 0.015
iter  9576 loss: tensor(2.9742, device='cuda:0', grad_fn=<DivBackward0>)  lr: 0.015
iter  11976 loss: tensor(3.0074, device='cuda:0', grad_fn=<DivBackward0>)  lr: 0.015
iter  14376 loss: tensor(2.9448, device='cuda:0', grad_fn=<DivBackward0>)  lr: 0.015
******Testing...
The confusion matrix is saved in checkpoint_lstm//Con_Matrix.txt
Max accuracy's model is saved in  checkpoint_lstm//epoch_max_accuracy.pkl
Acc: 0.8745443281196689 ( 194803 / 222748 )    Max acc so far: 0.8745443281196689
One epoch use time: 38.45454999999993

================= Epoch: 30 / 100 ===============
iter  2376 loss: tensor(2.9006, device='cuda:0', grad_fn=<DivBackward0>)  lr: 0.015
iter  4776 loss: tensor(2.8499, device='cuda:0', grad_fn=<DivBackward0>)  lr: 0.015
iter  7176 loss: tensor(2.7850, device='cuda:0', grad_fn=<DivBackward0>)  lr: 0.015
iter  9576 loss: tensor(2.8909, device='cuda:0', grad_fn=<DivBackward0>)  lr: 0.015
iter  11976 loss: tensor(2.9242, device='cuda:0', grad_fn=<DivBackward0>)  lr: 0.015
iter  14376 loss: tensor(2.8626, device='cuda:0', grad_fn=<DivBackward0>)  lr: 0.015
******Testing...
The confusion matrix is saved in checkpoint_lstm//Con_Matrix.txt
Max accuracy's model is saved in  checkpoint_lstm//epoch_max_accuracy.pkl
Acc: 0.8748989889920448 ( 194882 / 222748 )    Max acc so far: 0.8748989889920448
One epoch use time: 38.134997999999996

================= Epoch: 31 / 100 ===============
iter  2376 loss: tensor(2.8219, device='cuda:0', grad_fn=<DivBackward0>)  lr: 0.015
iter  4776 loss: tensor(2.7713, device='cuda:0', grad_fn=<DivBackward0>)  lr: 0.015
iter  7176 loss: tensor(2.7058, device='cuda:0', grad_fn=<DivBackward0>)  lr: 0.015
iter  9576 loss: tensor(2.8115, device='cuda:0', grad_fn=<DivBackward0>)  lr: 0.015
iter  11976 loss: tensor(2.8449, device='cuda:0', grad_fn=<DivBackward0>)  lr: 0.015
iter  14376 loss: tensor(2.7845, device='cuda:0', grad_fn=<DivBackward0>)  lr: 0.015
******Testing...
The confusion matrix is saved in checkpoint_lstm//Con_Matrix.txt
Max accuracy's model is saved in  checkpoint_lstm//epoch_max_accuracy.pkl
Acc: 0.8751952879487134 ( 194948 / 222748 )    Max acc so far: 0.8751952879487134
One epoch use time: 38.73337399999991

================= Epoch: 32 / 100 ===============
iter  2376 loss: tensor(2.7471, device='cuda:0', grad_fn=<DivBackward0>)  lr: 0.015
iter  4776 loss: tensor(2.6965, device='cuda:0', grad_fn=<DivBackward0>)  lr: 0.015
iter  7176 loss: tensor(2.6307, device='cuda:0', grad_fn=<DivBackward0>)  lr: 0.015
iter  9576 loss: tensor(2.7359, device='cuda:0', grad_fn=<DivBackward0>)  lr: 0.015
iter  11976 loss: tensor(2.7694, device='cuda:0', grad_fn=<DivBackward0>)  lr: 0.015
iter  14376 loss: tensor(2.7101, device='cuda:0', grad_fn=<DivBackward0>)  lr: 0.015
******Testing...
The confusion matrix is saved in checkpoint_lstm//Con_Matrix.txt
Max accuracy's model is saved in  checkpoint_lstm//epoch_max_accuracy.pkl
Acc: 0.8754242462334118 ( 194999 / 222748 )    Max acc so far: 0.8754242462334118
One epoch use time: 38.997708999999986

================= Epoch: 33 / 100 ===============
iter  2376 loss: tensor(2.6757, device='cuda:0', grad_fn=<DivBackward0>)  lr: 0.015
iter  4776 loss: tensor(2.6252, device='cuda:0', grad_fn=<DivBackward0>)  lr: 0.015
iter  7176 loss: tensor(2.5592, device='cuda:0', grad_fn=<DivBackward0>)  lr: 0.015
iter  9576 loss: tensor(2.6638, device='cuda:0', grad_fn=<DivBackward0>)  lr: 0.015
iter  11976 loss: tensor(2.6971, device='cuda:0', grad_fn=<DivBackward0>)  lr: 0.015
iter  14376 loss: tensor(2.6392, device='cuda:0', grad_fn=<DivBackward0>)  lr: 0.015
******Testing...
The confusion matrix is saved in checkpoint_lstm//Con_Matrix.txt
Max accuracy's model is saved in  checkpoint_lstm//epoch_max_accuracy.pkl
Acc: 0.8757654389713937 ( 195075 / 222748 )    Max acc so far: 0.8757654389713937
One epoch use time: 42.44833199999994

================= Epoch: 34 / 100 ===============
iter  2376 loss: tensor(2.6075, device='cuda:0', grad_fn=<DivBackward0>)  lr: 0.015
iter  4776 loss: tensor(2.5573, device='cuda:0', grad_fn=<DivBackward0>)  lr: 0.015
iter  7176 loss: tensor(2.4910, device='cuda:0', grad_fn=<DivBackward0>)  lr: 0.015
iter  9576 loss: tensor(2.5949, device='cuda:0', grad_fn=<DivBackward0>)  lr: 0.015
iter  11976 loss: tensor(2.6281, device='cuda:0', grad_fn=<DivBackward0>)  lr: 0.015
iter  14376 loss: tensor(2.5714, device='cuda:0', grad_fn=<DivBackward0>)  lr: 0.015
******Testing...
The confusion matrix is saved in checkpoint_lstm//Con_Matrix.txt
Max accuracy's model is saved in  checkpoint_lstm//epoch_max_accuracy.pkl
Acc: 0.8758507371558891 ( 195094 / 222748 )    Max acc so far: 0.8758507371558891
One epoch use time: 39.21766000000002

================= Epoch: 35 / 100 ===============
iter  2376 loss: tensor(2.5423, device='cuda:0', grad_fn=<DivBackward0>)  lr: 0.015
iter  4776 loss: tensor(2.4923, device='cuda:0', grad_fn=<DivBackward0>)  lr: 0.015
iter  7176 loss: tensor(2.4260, device='cuda:0', grad_fn=<DivBackward0>)  lr: 0.015
iter  9576 loss: tensor(2.5290, device='cuda:0', grad_fn=<DivBackward0>)  lr: 0.015
iter  11976 loss: tensor(2.5619, device='cuda:0', grad_fn=<DivBackward0>)  lr: 0.015
iter  14376 loss: tensor(2.5065, device='cuda:0', grad_fn=<DivBackward0>)  lr: 0.015
******Testing...
The confusion matrix is saved in checkpoint_lstm//Con_Matrix.txt
Max accuracy's model is saved in  checkpoint_lstm//epoch_max_accuracy.pkl
Acc: 0.8759225672059906 ( 195110 / 222748 )    Max acc so far: 0.8759225672059906
One epoch use time: 39.56337899999994

================= Epoch: 36 / 100 ===============
iter  2376 loss: tensor(2.4798, device='cuda:0', grad_fn=<DivBackward0>)  lr: 0.015
iter  4776 loss: tensor(2.4302, device='cuda:0', grad_fn=<DivBackward0>)  lr: 0.015
iter  7176 loss: tensor(2.3639, device='cuda:0', grad_fn=<DivBackward0>)  lr: 0.015
iter  9576 loss: tensor(2.4659, device='cuda:0', grad_fn=<DivBackward0>)  lr: 0.015
iter  11976 loss: tensor(2.4984, device='cuda:0', grad_fn=<DivBackward0>)  lr: 0.015
iter  14376 loss: tensor(2.4444, device='cuda:0', grad_fn=<DivBackward0>)  lr: 0.015
******Testing...
The confusion matrix is saved in checkpoint_lstm//Con_Matrix.txt
Max accuracy's model is saved in  checkpoint_lstm//epoch_max_accuracy.pkl
Acc: 0.8760213335248801 ( 195132 / 222748 )    Max acc so far: 0.8760213335248801
One epoch use time: 39.10753099999988

================= Epoch: 37 / 100 ===============
iter  2376 loss: tensor(2.4199, device='cuda:0', grad_fn=<DivBackward0>)  lr: 0.015
iter  4776 loss: tensor(2.3707, device='cuda:0', grad_fn=<DivBackward0>)  lr: 0.015
iter  7176 loss: tensor(2.3045, device='cuda:0', grad_fn=<DivBackward0>)  lr: 0.015
iter  9576 loss: tensor(2.4055, device='cuda:0', grad_fn=<DivBackward0>)  lr: 0.015
iter  11976 loss: tensor(2.4375, device='cuda:0', grad_fn=<DivBackward0>)  lr: 0.015
iter  14376 loss: tensor(2.3847, device='cuda:0', grad_fn=<DivBackward0>)  lr: 0.015
******Testing...
The confusion matrix is saved in checkpoint_lstm//Con_Matrix.txt
Max accuracy's model is saved in  checkpoint_lstm//epoch_max_accuracy.pkl
Acc: 0.8768249322103903 ( 195311 / 222748 )    Max acc so far: 0.8768249322103903
One epoch use time: 39.36866700000019

================= Epoch: 38 / 100 ===============
iter  2376 loss: tensor(2.3623, device='cuda:0', grad_fn=<DivBackward0>)  lr: 0.015
iter  4776 loss: tensor(2.3137, device='cuda:0', grad_fn=<DivBackward0>)  lr: 0.015
iter  7176 loss: tensor(2.2477, device='cuda:0', grad_fn=<DivBackward0>)  lr: 0.015
iter  9576 loss: tensor(2.3475, device='cuda:0', grad_fn=<DivBackward0>)  lr: 0.015
iter  11976 loss: tensor(2.3789, device='cuda:0', grad_fn=<DivBackward0>)  lr: 0.015
iter  14376 loss: tensor(2.3274, device='cuda:0', grad_fn=<DivBackward0>)  lr: 0.015
******Testing...
The confusion matrix is saved in checkpoint_lstm//Con_Matrix.txt
Max accuracy's model is saved in  checkpoint_lstm//epoch_max_accuracy.pkl
Acc: 0.8773905938549392 ( 195437 / 222748 )    Max acc so far: 0.8773905938549392
One epoch use time: 39.29368599999998

================= Epoch: 39 / 100 ===============
iter  2376 loss: tensor(2.3069, device='cuda:0', grad_fn=<DivBackward0>)  lr: 0.015
iter  4776 loss: tensor(2.2590, device='cuda:0', grad_fn=<DivBackward0>)  lr: 0.015
iter  7176 loss: tensor(2.1932, device='cuda:0', grad_fn=<DivBackward0>)  lr: 0.015
iter  9576 loss: tensor(2.2918, device='cuda:0', grad_fn=<DivBackward0>)  lr: 0.015
iter  11976 loss: tensor(2.3226, device='cuda:0', grad_fn=<DivBackward0>)  lr: 0.015
iter  14376 loss: tensor(2.2723, device='cuda:0', grad_fn=<DivBackward0>)  lr: 0.015
******Testing...
The confusion matrix is saved in checkpoint_lstm//Con_Matrix.txt
Max accuracy's model is saved in  checkpoint_lstm//epoch_max_accuracy.pkl
Acc: 0.8779697236338823 ( 195566 / 222748 )    Max acc so far: 0.8779697236338823
One epoch use time: 39.80015800000001

================= Epoch: 40 / 100 ===============
iter  2376 loss: tensor(2.2536, device='cuda:0', grad_fn=<DivBackward0>)  lr: 0.015
iter  4776 loss: tensor(2.2064, device='cuda:0', grad_fn=<DivBackward0>)  lr: 0.015
iter  7176 loss: tensor(2.1409, device='cuda:0', grad_fn=<DivBackward0>)  lr: 0.015
iter  9576 loss: tensor(2.2383, device='cuda:0', grad_fn=<DivBackward0>)  lr: 0.015
iter  11976 loss: tensor(2.2683, device='cuda:0', grad_fn=<DivBackward0>)  lr: 0.015
iter  14376 loss: tensor(2.2193, device='cuda:0', grad_fn=<DivBackward0>)  lr: 0.015
******Testing...
The confusion matrix is saved in checkpoint_lstm//Con_Matrix.txt
Max accuracy's model is saved in  checkpoint_lstm//epoch_max_accuracy.pkl
Acc: 0.8780909368434284 ( 195593 / 222748 )    Max acc so far: 0.8780909368434284
One epoch use time: 39.06138899999996

================= Epoch: 41 / 100 ===============
iter  2376 loss: tensor(2.2022, device='cuda:0', grad_fn=<DivBackward0>)  lr: 0.015
iter  4776 loss: tensor(2.1559, device='cuda:0', grad_fn=<DivBackward0>)  lr: 0.015
iter  7176 loss: tensor(2.0907, device='cuda:0', grad_fn=<DivBackward0>)  lr: 0.015
iter  9576 loss: tensor(2.1868, device='cuda:0', grad_fn=<DivBackward0>)  lr: 0.015
iter  11976 loss: tensor(2.2161, device='cuda:0', grad_fn=<DivBackward0>)  lr: 0.015
iter  14376 loss: tensor(2.1682, device='cuda:0', grad_fn=<DivBackward0>)  lr: 0.015
******Testing...
Acc: 0.8777721909961033 ( 195522 / 222748 )    Max acc so far: 0.8780909368434284
One epoch use time: 38.21944099999996

================= Epoch: 42 / 100 ===============
iter  2376 loss: tensor(2.1527, device='cuda:0', grad_fn=<DivBackward0>)  lr: 0.015
iter  4776 loss: tensor(2.1072, device='cuda:0', grad_fn=<DivBackward0>)  lr: 0.015
iter  7176 loss: tensor(2.0425, device='cuda:0', grad_fn=<DivBackward0>)  lr: 0.015
iter  9576 loss: tensor(2.1372, device='cuda:0', grad_fn=<DivBackward0>)  lr: 0.015
iter  11976 loss: tensor(2.1658, device='cuda:0', grad_fn=<DivBackward0>)  lr: 0.015
iter  14376 loss: tensor(2.1189, device='cuda:0', grad_fn=<DivBackward0>)  lr: 0.015
******Testing...
Acc: 0.8776554671646883 ( 195496 / 222748 )    Max acc so far: 0.8780909368434284
One epoch use time: 37.91039599999999

================= Epoch: 43 / 100 ===============
iter  2376 loss: tensor(2.1049, device='cuda:0', grad_fn=<DivBackward0>)  lr: 0.015
iter  4776 loss: tensor(2.0604, device='cuda:0', grad_fn=<DivBackward0>)  lr: 0.015
iter  7176 loss: tensor(1.9960, device='cuda:0', grad_fn=<DivBackward0>)  lr: 0.015
iter  9576 loss: tensor(2.0894, device='cuda:0', grad_fn=<DivBackward0>)  lr: 0.015
iter  11976 loss: tensor(2.1173, device='cuda:0', grad_fn=<DivBackward0>)  lr: 0.015
iter  14376 loss: tensor(2.0715, device='cuda:0', grad_fn=<DivBackward0>)  lr: 0.015
******Testing...
Acc: 0.8777721909961033 ( 195522 / 222748 )    Max acc so far: 0.8780909368434284
One epoch use time: 37.86417699999993

================= Epoch: 44 / 100 ===============
iter  2376 loss: tensor(2.0588, device='cuda:0', grad_fn=<DivBackward0>)  lr: 0.015
iter  4776 loss: tensor(2.0150, device='cuda:0', grad_fn=<DivBackward0>)  lr: 0.015
iter  7176 loss: tensor(1.9513, device='cuda:0', grad_fn=<DivBackward0>)  lr: 0.015
iter  9576 loss: tensor(2.0433, device='cuda:0', grad_fn=<DivBackward0>)  lr: 0.015
iter  11976 loss: tensor(2.0705, device='cuda:0', grad_fn=<DivBackward0>)  lr: 0.015
iter  14376 loss: tensor(2.0254, device='cuda:0', grad_fn=<DivBackward0>)  lr: 0.015
******Testing...
Acc: 0.8780819580871657 ( 195591 / 222748 )    Max acc so far: 0.8780909368434284
One epoch use time: 37.956310999999914

================= Epoch: 45 / 100 ===============
iter  2376 loss: tensor(2.0143, device='cuda:0', grad_fn=<DivBackward0>)  lr: 0.015
iter  4776 loss: tensor(1.9718, device='cuda:0', grad_fn=<DivBackward0>)  lr: 0.015
iter  7176 loss: tensor(1.9083, device='cuda:0', grad_fn=<DivBackward0>)  lr: 0.015
iter  9576 loss: tensor(1.9987, device='cuda:0', grad_fn=<DivBackward0>)  lr: 0.015
iter  11976 loss: tensor(2.0254, device='cuda:0', grad_fn=<DivBackward0>)  lr: 0.015
iter  14376 loss: tensor(1.9817, device='cuda:0', grad_fn=<DivBackward0>)  lr: 0.015
******Testing...
The confusion matrix is saved in checkpoint_lstm//Con_Matrix.txt
Max accuracy's model is saved in  checkpoint_lstm//epoch_max_accuracy.pkl
Acc: 0.8782705119686821 ( 195633 / 222748 )    Max acc so far: 0.8782705119686821
One epoch use time: 38.110484999999926

================= Epoch: 46 / 100 ===============
iter  2376 loss: tensor(1.9713, device='cuda:0', grad_fn=<DivBackward0>)  lr: 0.015
iter  4776 loss: tensor(1.9290, device='cuda:0', grad_fn=<DivBackward0>)  lr: 0.015
iter  7176 loss: tensor(1.8667, device='cuda:0', grad_fn=<DivBackward0>)  lr: 0.015
iter  9576 loss: tensor(1.9556, device='cuda:0', grad_fn=<DivBackward0>)  lr: 0.015
iter  11976 loss: tensor(1.9818, device='cuda:0', grad_fn=<DivBackward0>)  lr: 0.015
iter  14376 loss: tensor(1.9376, device='cuda:0', grad_fn=<DivBackward0>)  lr: 0.015
******Testing...
Acc: 0.8782076606748433 ( 195619 / 222748 )    Max acc so far: 0.8782705119686821
One epoch use time: 38.044384000000036

================= Epoch: 47 / 100 ===============
iter  2376 loss: tensor(1.9298, device='cuda:0', grad_fn=<DivBackward0>)  lr: 0.015
iter  4776 loss: tensor(1.8905, device='cuda:0', grad_fn=<DivBackward0>)  lr: 0.015
iter  7176 loss: tensor(1.8267, device='cuda:0', grad_fn=<DivBackward0>)  lr: 0.015
iter  9576 loss: tensor(1.9143, device='cuda:0', grad_fn=<DivBackward0>)  lr: 0.015
iter  11976 loss: tensor(1.9398, device='cuda:0', grad_fn=<DivBackward0>)  lr: 0.015
iter  14376 loss: tensor(1.8993, device='cuda:0', grad_fn=<DivBackward0>)  lr: 0.015
******Testing...
The confusion matrix is saved in checkpoint_lstm//Con_Matrix.txt
Max accuracy's model is saved in  checkpoint_lstm//epoch_max_accuracy.pkl
Acc: 0.878373767665703 ( 195656 / 222748 )    Max acc so far: 0.878373767665703
One epoch use time: 37.995971000000054

================= Epoch: 48 / 100 ===============
iter  2376 loss: tensor(1.8895, device='cuda:0', grad_fn=<DivBackward0>)  lr: 0.015
iter  4776 loss: tensor(1.8486, device='cuda:0', grad_fn=<DivBackward0>)  lr: 0.015
iter  7176 loss: tensor(1.7880, device='cuda:0', grad_fn=<DivBackward0>)  lr: 0.015
iter  9576 loss: tensor(1.8738, device='cuda:0', grad_fn=<DivBackward0>)  lr: 0.015
iter  11976 loss: tensor(1.8991, device='cuda:0', grad_fn=<DivBackward0>)  lr: 0.015
iter  14376 loss: tensor(1.8553, device='cuda:0', grad_fn=<DivBackward0>)  lr: 0.015
******Testing...
The confusion matrix is saved in checkpoint_lstm//Con_Matrix.txt
Max accuracy's model is saved in  checkpoint_lstm//epoch_max_accuracy.pkl
Acc: 0.8784904914971178 ( 195682 / 222748 )    Max acc so far: 0.8784904914971178
One epoch use time: 38.518980000000056

================= Epoch: 49 / 100 ===============
iter  2376 loss: tensor(1.8509, device='cuda:0', grad_fn=<DivBackward0>)  lr: 0.015
iter  4776 loss: tensor(1.8159, device='cuda:0', grad_fn=<DivBackward0>)  lr: 0.015
iter  7176 loss: tensor(1.7509, device='cuda:0', grad_fn=<DivBackward0>)  lr: 0.015
iter  9576 loss: tensor(1.8356, device='cuda:0', grad_fn=<DivBackward0>)  lr: 0.015
iter  11976 loss: tensor(1.8600, device='cuda:0', grad_fn=<DivBackward0>)  lr: 0.015
iter  14376 loss: tensor(1.8225, device='cuda:0', grad_fn=<DivBackward0>)  lr: 0.015
******Testing...
The confusion matrix is saved in checkpoint_lstm//Con_Matrix.txt
Max accuracy's model is saved in  checkpoint_lstm//epoch_max_accuracy.pkl
Acc: 0.8788900461508072 ( 195771 / 222748 )    Max acc so far: 0.8788900461508072
One epoch use time: 37.9530400000001

================= Epoch: 50 / 100 ===============
iter  2376 loss: tensor(1.8131, device='cuda:0', grad_fn=<DivBackward0>)  lr: 0.015
iter  4776 loss: tensor(1.7737, device='cuda:0', grad_fn=<DivBackward0>)  lr: 0.015
iter  7176 loss: tensor(1.7143, device='cuda:0', grad_fn=<DivBackward0>)  lr: 0.015
iter  9576 loss: tensor(1.7974, device='cuda:0', grad_fn=<DivBackward0>)  lr: 0.015
iter  11976 loss: tensor(1.8217, device='cuda:0', grad_fn=<DivBackward0>)  lr: 0.015
iter  14376 loss: tensor(1.7801, device='cuda:0', grad_fn=<DivBackward0>)  lr: 0.015
******Testing...
The confusion matrix is saved in checkpoint_lstm//Con_Matrix.txt
Max accuracy's model is saved in  checkpoint_lstm//epoch_max_accuracy.pkl
Acc: 0.8791728769730817 ( 195834 / 222748 )    Max acc so far: 0.8791728769730817
One epoch use time: 37.936688000000004

================= Epoch: 51 / 100 ===============
iter  2376 loss: tensor(1.7769, device='cuda:0', grad_fn=<DivBackward0>)  lr: 0.015
iter  4776 loss: tensor(1.7389, device='cuda:0', grad_fn=<DivBackward0>)  lr: 0.015
iter  7176 loss: tensor(1.6790, device='cuda:0', grad_fn=<DivBackward0>)  lr: 0.015
iter  9576 loss: tensor(1.7610, device='cuda:0', grad_fn=<DivBackward0>)  lr: 0.015
iter  11976 loss: tensor(1.7848, device='cuda:0', grad_fn=<DivBackward0>)  lr: 0.015
iter  14376 loss: tensor(1.7444, device='cuda:0', grad_fn=<DivBackward0>)  lr: 0.015
******Testing...
The confusion matrix is saved in checkpoint_lstm//Con_Matrix.txt
Max accuracy's model is saved in  checkpoint_lstm//epoch_max_accuracy.pkl
Acc: 0.8792267495106578 ( 195846 / 222748 )    Max acc so far: 0.8792267495106578
One epoch use time: 38.98222399999986

================= Epoch: 52 / 100 ===============
iter  2376 loss: tensor(1.7416, device='cuda:0', grad_fn=<DivBackward0>)  lr: 0.015
iter  4776 loss: tensor(1.7039, device='cuda:0', grad_fn=<DivBackward0>)  lr: 0.015
iter  7176 loss: tensor(1.6451, device='cuda:0', grad_fn=<DivBackward0>)  lr: 0.015
iter  9576 loss: tensor(1.7256, device='cuda:0', grad_fn=<DivBackward0>)  lr: 0.015
iter  11976 loss: tensor(1.7492, device='cuda:0', grad_fn=<DivBackward0>)  lr: 0.015
iter  14376 loss: tensor(1.7081, device='cuda:0', grad_fn=<DivBackward0>)  lr: 0.015
******Testing...
The confusion matrix is saved in checkpoint_lstm//Con_Matrix.txt
Max accuracy's model is saved in  checkpoint_lstm//epoch_max_accuracy.pkl
Acc: 0.8792402176450518 ( 195849 / 222748 )    Max acc so far: 0.8792402176450518
One epoch use time: 39.33870400000001

================= Epoch: 53 / 100 ===============
iter  2376 loss: tensor(1.7075, device='cuda:0', grad_fn=<DivBackward0>)  lr: 0.015
iter  4776 loss: tensor(1.6722, device='cuda:0', grad_fn=<DivBackward0>)  lr: 0.015
iter  7176 loss: tensor(1.6123, device='cuda:0', grad_fn=<DivBackward0>)  lr: 0.015
iter  9576 loss: tensor(1.6916, device='cuda:0', grad_fn=<DivBackward0>)  lr: 0.015
iter  11976 loss: tensor(1.7147, device='cuda:0', grad_fn=<DivBackward0>)  lr: 0.015
iter  14376 loss: tensor(1.6767, device='cuda:0', grad_fn=<DivBackward0>)  lr: 0.015
******Testing...
The confusion matrix is saved in checkpoint_lstm//Con_Matrix.txt
Max accuracy's model is saved in  checkpoint_lstm//epoch_max_accuracy.pkl
Acc: 0.8794332609046995 ( 195892 / 222748 )    Max acc so far: 0.8794332609046995
One epoch use time: 38.9007730000003

================= Epoch: 54 / 100 ===============
iter  2376 loss: tensor(1.6743, device='cuda:0', grad_fn=<DivBackward0>)  lr: 0.015
iter  4776 loss: tensor(1.6376, device='cuda:0', grad_fn=<DivBackward0>)  lr: 0.015
iter  7176 loss: tensor(1.5804, device='cuda:0', grad_fn=<DivBackward0>)  lr: 0.015
iter  9576 loss: tensor(1.6581, device='cuda:0', grad_fn=<DivBackward0>)  lr: 0.015
iter  11976 loss: tensor(1.6813, device='cuda:0', grad_fn=<DivBackward0>)  lr: 0.015
iter  14376 loss: tensor(1.6400, device='cuda:0', grad_fn=<DivBackward0>)  lr: 0.015
******Testing...
The confusion matrix is saved in checkpoint_lstm//Con_Matrix.txt
Max accuracy's model is saved in  checkpoint_lstm//epoch_max_accuracy.pkl
Acc: 0.8796173254080845 ( 195933 / 222748 )    Max acc so far: 0.8796173254080845
One epoch use time: 38.79605500000025

================= Epoch: 55 / 100 ===============
iter  2376 loss: tensor(1.6424, device='cuda:0', grad_fn=<DivBackward0>)  lr: 0.015
iter  4776 loss: tensor(1.6113, device='cuda:0', grad_fn=<DivBackward0>)  lr: 0.015
iter  7176 loss: tensor(1.5498, device='cuda:0', grad_fn=<DivBackward0>)  lr: 0.015
iter  9576 loss: tensor(1.6265, device='cuda:0', grad_fn=<DivBackward0>)  lr: 0.015
iter  11976 loss: tensor(1.6489, device='cuda:0', grad_fn=<DivBackward0>)  lr: 0.015
iter  14376 loss: tensor(1.6141, device='cuda:0', grad_fn=<DivBackward0>)  lr: 0.015
******Testing...
The confusion matrix is saved in checkpoint_lstm//Con_Matrix.txt
Max accuracy's model is saved in  checkpoint_lstm//epoch_max_accuracy.pkl
Acc: 0.8800617738430873 ( 196032 / 222748 )    Max acc so far: 0.8800617738430873
One epoch use time: 38.72175900000002

================= Epoch: 56 / 100 ===============
iter  2376 loss: tensor(1.6111, device='cuda:0', grad_fn=<DivBackward0>)  lr: 0.015
iter  4776 loss: tensor(1.5755, device='cuda:0', grad_fn=<DivBackward0>)  lr: 0.015
iter  7176 loss: tensor(1.5195, device='cuda:0', grad_fn=<DivBackward0>)  lr: 0.015
iter  9576 loss: tensor(1.5947, device='cuda:0', grad_fn=<DivBackward0>)  lr: 0.015
iter  11976 loss: tensor(1.6175, device='cuda:0', grad_fn=<DivBackward0>)  lr: 0.015
iter  14376 loss: tensor(1.5779, device='cuda:0', grad_fn=<DivBackward0>)  lr: 0.015
******Testing...
The confusion matrix is saved in checkpoint_lstm//Con_Matrix.txt
Max accuracy's model is saved in  checkpoint_lstm//epoch_max_accuracy.pkl
Acc: 0.8803625621778871 ( 196099 / 222748 )    Max acc so far: 0.8803625621778871
One epoch use time: 38.97783100000015

================= Epoch: 57 / 100 ===============
iter  2376 loss: tensor(1.5811, device='cuda:0', grad_fn=<DivBackward0>)  lr: 0.015
iter  4776 loss: tensor(1.5466, device='cuda:0', grad_fn=<DivBackward0>)  lr: 0.015
iter  7176 loss: tensor(1.4901, device='cuda:0', grad_fn=<DivBackward0>)  lr: 0.015
iter  9576 loss: tensor(1.5644, device='cuda:0', grad_fn=<DivBackward0>)  lr: 0.015
iter  11976 loss: tensor(1.5867, device='cuda:0', grad_fn=<DivBackward0>)  lr: 0.015
iter  14376 loss: tensor(1.5483, device='cuda:0', grad_fn=<DivBackward0>)  lr: 0.015
******Testing...
The confusion matrix is saved in checkpoint_lstm//Con_Matrix.txt
Max accuracy's model is saved in  checkpoint_lstm//epoch_max_accuracy.pkl
Acc: 0.8805152010343528 ( 196133 / 222748 )    Max acc so far: 0.8805152010343528
One epoch use time: 39.241843000000245

================= Epoch: 58 / 100 ===============
iter  2376 loss: tensor(1.5516, device='cuda:0', grad_fn=<DivBackward0>)  lr: 0.015
iter  4776 loss: tensor(1.5176, device='cuda:0', grad_fn=<DivBackward0>)  lr: 0.015
iter  7176 loss: tensor(1.4622, device='cuda:0', grad_fn=<DivBackward0>)  lr: 0.015
iter  9576 loss: tensor(1.5348, device='cuda:0', grad_fn=<DivBackward0>)  lr: 0.015
iter  11976 loss: tensor(1.5576, device='cuda:0', grad_fn=<DivBackward0>)  lr: 0.015
iter  14376 loss: tensor(1.5181, device='cuda:0', grad_fn=<DivBackward0>)  lr: 0.015
******Testing...
The confusion matrix is saved in checkpoint_lstm//Con_Matrix.txt
Max accuracy's model is saved in  checkpoint_lstm//epoch_max_accuracy.pkl
Acc: 0.8805780523281915 ( 196147 / 222748 )    Max acc so far: 0.8805780523281915
One epoch use time: 39.319668999999976

================= Epoch: 59 / 100 ===============
iter  2376 loss: tensor(1.5232, device='cuda:0', grad_fn=<DivBackward0>)  lr: 0.015
iter  4776 loss: tensor(1.4904, device='cuda:0', grad_fn=<DivBackward0>)  lr: 0.015
iter  7176 loss: tensor(1.4345, device='cuda:0', grad_fn=<DivBackward0>)  lr: 0.015
iter  9576 loss: tensor(1.5063, device='cuda:0', grad_fn=<DivBackward0>)  lr: 0.015
iter  11976 loss: tensor(1.5282, device='cuda:0', grad_fn=<DivBackward0>)  lr: 0.015
iter  14376 loss: tensor(1.4915, device='cuda:0', grad_fn=<DivBackward0>)  lr: 0.015
******Testing...
The confusion matrix is saved in checkpoint_lstm//Con_Matrix.txt
Max accuracy's model is saved in  checkpoint_lstm//epoch_max_accuracy.pkl
Acc: 0.8811077989476898 ( 196265 / 222748 )    Max acc so far: 0.8811077989476898
One epoch use time: 38.55688400000008

================= Epoch: 60 / 100 ===============
iter  2376 loss: tensor(1.4954, device='cuda:0', grad_fn=<DivBackward0>)  lr: 0.015
iter  4776 loss: tensor(1.4619, device='cuda:0', grad_fn=<DivBackward0>)  lr: 0.015
iter  7176 loss: tensor(1.4081, device='cuda:0', grad_fn=<DivBackward0>)  lr: 0.015
iter  9576 loss: tensor(1.4782, device='cuda:0', grad_fn=<DivBackward0>)  lr: 0.015
iter  11976 loss: tensor(1.5004, device='cuda:0', grad_fn=<DivBackward0>)  lr: 0.015
iter  14376 loss: tensor(1.4608, device='cuda:0', grad_fn=<DivBackward0>)  lr: 0.015
******Testing...
The confusion matrix is saved in checkpoint_lstm//Con_Matrix.txt
Max accuracy's model is saved in  checkpoint_lstm//epoch_max_accuracy.pkl
Acc: 0.8811796289977912 ( 196281 / 222748 )    Max acc so far: 0.8811796289977912
One epoch use time: 38.80037799999991

================= Epoch: 61 / 100 ===============
iter  2376 loss: tensor(1.4686, device='cuda:0', grad_fn=<DivBackward0>)  lr: 0.015
iter  4776 loss: tensor(1.4402, device='cuda:0', grad_fn=<DivBackward0>)  lr: 0.015
iter  7176 loss: tensor(1.3823, device='cuda:0', grad_fn=<DivBackward0>)  lr: 0.015
iter  9576 loss: tensor(1.4516, device='cuda:0', grad_fn=<DivBackward0>)  lr: 0.015
iter  11976 loss: tensor(1.4727, device='cuda:0', grad_fn=<DivBackward0>)  lr: 0.015
iter  14376 loss: tensor(1.4400, device='cuda:0', grad_fn=<DivBackward0>)  lr: 0.015
******Testing...
Acc: 0.88087435128486 ( 196213 / 222748 )    Max acc so far: 0.8811796289977912
One epoch use time: 39.017071000000215

================= Epoch: 62 / 100 ===============
iter  2376 loss: tensor(1.4421, device='cuda:0', grad_fn=<DivBackward0>)  lr: 0.015
iter  4776 loss: tensor(1.4094, device='cuda:0', grad_fn=<DivBackward0>)  lr: 0.015
iter  7176 loss: tensor(1.3570, device='cuda:0', grad_fn=<DivBackward0>)  lr: 0.015
iter  9576 loss: tensor(1.4248, device='cuda:0', grad_fn=<DivBackward0>)  lr: 0.015
iter  11976 loss: tensor(1.4461, device='cuda:0', grad_fn=<DivBackward0>)  lr: 0.015
iter  14376 loss: tensor(1.4089, device='cuda:0', grad_fn=<DivBackward0>)  lr: 0.015
******Testing...
Acc: 0.8808788406629914 ( 196214 / 222748 )    Max acc so far: 0.8811796289977912
One epoch use time: 38.58852100000013

================= Epoch: 63 / 100 ===============
iter  2376 loss: tensor(1.4169, device='cuda:0', grad_fn=<DivBackward0>)  lr: 0.015
iter  4776 loss: tensor(1.3852, device='cuda:0', grad_fn=<DivBackward0>)  lr: 0.015
iter  7176 loss: tensor(1.3320, device='cuda:0', grad_fn=<DivBackward0>)  lr: 0.015
iter  9576 loss: tensor(1.3991, device='cuda:0', grad_fn=<DivBackward0>)  lr: 0.015
iter  11976 loss: tensor(1.4201, device='cuda:0', grad_fn=<DivBackward0>)  lr: 0.015
iter  14376 loss: tensor(1.3838, device='cuda:0', grad_fn=<DivBackward0>)  lr: 0.015
******Testing...
Acc: 0.8811751396196599 ( 196280 / 222748 )    Max acc so far: 0.8811796289977912
One epoch use time: 38.77267100000017

================= Epoch: 64 / 100 ===============
iter  2376 loss: tensor(1.3919, device='cuda:0', grad_fn=<DivBackward0>)  lr: 0.015
iter  4776 loss: tensor(1.3603, device='cuda:0', grad_fn=<DivBackward0>)  lr: 0.015
iter  7176 loss: tensor(1.3083, device='cuda:0', grad_fn=<DivBackward0>)  lr: 0.015
iter  9576 loss: tensor(1.3740, device='cuda:0', grad_fn=<DivBackward0>)  lr: 0.015
iter  11976 loss: tensor(1.3949, device='cuda:0', grad_fn=<DivBackward0>)  lr: 0.015
iter  14376 loss: tensor(1.3582, device='cuda:0', grad_fn=<DivBackward0>)  lr: 0.015
******Testing...
The confusion matrix is saved in checkpoint_lstm//Con_Matrix.txt
Max accuracy's model is saved in  checkpoint_lstm//epoch_max_accuracy.pkl
Acc: 0.8812604378041554 ( 196299 / 222748 )    Max acc so far: 0.8812604378041554
One epoch use time: 39.43751799999973

================= Epoch: 65 / 100 ===============
iter  2376 loss: tensor(1.3679, device='cuda:0', grad_fn=<DivBackward0>)  lr: 0.015
iter  4776 loss: tensor(1.3379, device='cuda:0', grad_fn=<DivBackward0>)  lr: 0.015
iter  7176 loss: tensor(1.2849, device='cuda:0', grad_fn=<DivBackward0>)  lr: 0.015
iter  9576 loss: tensor(1.3498, device='cuda:0', grad_fn=<DivBackward0>)  lr: 0.015
iter  11976 loss: tensor(1.3703, device='cuda:0', grad_fn=<DivBackward0>)  lr: 0.015
iter  14376 loss: tensor(1.3364, device='cuda:0', grad_fn=<DivBackward0>)  lr: 0.015
******Testing...
Acc: 0.8808788406629914 ( 196214 / 222748 )    Max acc so far: 0.8812604378041554
One epoch use time: 38.702024000000165

================= Epoch: 66 / 100 ===============
iter  2376 loss: tensor(1.3442, device='cuda:0', grad_fn=<DivBackward0>)  lr: 0.015
iter  4776 loss: tensor(1.3129, device='cuda:0', grad_fn=<DivBackward0>)  lr: 0.015
iter  7176 loss: tensor(1.2625, device='cuda:0', grad_fn=<DivBackward0>)  lr: 0.015
iter  9576 loss: tensor(1.3259, device='cuda:0', grad_fn=<DivBackward0>)  lr: 0.015
iter  11976 loss: tensor(1.3464, device='cuda:0', grad_fn=<DivBackward0>)  lr: 0.015
iter  14376 loss: tensor(1.3095, device='cuda:0', grad_fn=<DivBackward0>)  lr: 0.015
******Testing...
The confusion matrix is saved in checkpoint_lstm//Con_Matrix.txt
Max accuracy's model is saved in  checkpoint_lstm//epoch_max_accuracy.pkl
Acc: 0.8815208217357732 ( 196357 / 222748 )    Max acc so far: 0.8815208217357732
One epoch use time: 38.08983699999999

================= Epoch: 67 / 100 ===============
iter  2376 loss: tensor(1.3215, device='cuda:0', grad_fn=<DivBackward0>)  lr: 0.015
iter  4776 loss: tensor(1.2956, device='cuda:0', grad_fn=<DivBackward0>)  lr: 0.015
iter  7176 loss: tensor(1.2407, device='cuda:0', grad_fn=<DivBackward0>)  lr: 0.015
iter  9576 loss: tensor(1.3032, device='cuda:0', grad_fn=<DivBackward0>)  lr: 0.015
iter  11976 loss: tensor(1.3231, device='cuda:0', grad_fn=<DivBackward0>)  lr: 0.015
iter  14376 loss: tensor(1.2932, device='cuda:0', grad_fn=<DivBackward0>)  lr: 0.015
******Testing...
Acc: 0.8811392245946091 ( 196272 / 222748 )    Max acc so far: 0.8815208217357732
One epoch use time: 37.81156999999985

================= Epoch: 68 / 100 ===============
iter  2376 loss: tensor(1.2990, device='cuda:0', grad_fn=<DivBackward0>)  lr: 0.015
iter  4776 loss: tensor(1.2683, device='cuda:0', grad_fn=<DivBackward0>)  lr: 0.015
iter  7176 loss: tensor(1.2192, device='cuda:0', grad_fn=<DivBackward0>)  lr: 0.015
iter  9576 loss: tensor(1.2804, device='cuda:0', grad_fn=<DivBackward0>)  lr: 0.015
iter  11976 loss: tensor(1.3002, device='cuda:0', grad_fn=<DivBackward0>)  lr: 0.015
iter  14376 loss: tensor(1.2660, device='cuda:0', grad_fn=<DivBackward0>)  lr: 0.015
******Testing...
Acc: 0.8811661608633972 ( 196278 / 222748 )    Max acc so far: 0.8815208217357732
One epoch use time: 38.7354849999997

================= Epoch: 69 / 100 ===============
iter  2376 loss: tensor(1.2776, device='cuda:0', grad_fn=<DivBackward0>)  lr: 0.015
iter  4776 loss: tensor(1.2474, device='cuda:0', grad_fn=<DivBackward0>)  lr: 0.015
iter  7176 loss: tensor(1.1977, device='cuda:0', grad_fn=<DivBackward0>)  lr: 0.015
iter  9576 loss: tensor(1.2584, device='cuda:0', grad_fn=<DivBackward0>)  lr: 0.015
iter  11976 loss: tensor(1.2779, device='cuda:0', grad_fn=<DivBackward0>)  lr: 0.015
iter  14376 loss: tensor(1.2438, device='cuda:0', grad_fn=<DivBackward0>)  lr: 0.015
******Testing...
Acc: 0.8814175660387523 ( 196334 / 222748 )    Max acc so far: 0.8815208217357732
One epoch use time: 38.88691000000017

================= Epoch: 70 / 100 ===============
iter  2376 loss: tensor(1.2561, device='cuda:0', grad_fn=<DivBackward0>)  lr: 0.015
iter  4776 loss: tensor(1.2269, device='cuda:0', grad_fn=<DivBackward0>)  lr: 0.015
iter  7176 loss: tensor(1.1776, device='cuda:0', grad_fn=<DivBackward0>)  lr: 0.015
iter  9576 loss: tensor(1.2370, device='cuda:0', grad_fn=<DivBackward0>)  lr: 0.015
iter  11976 loss: tensor(1.2561, device='cuda:0', grad_fn=<DivBackward0>)  lr: 0.015
iter  14376 loss: tensor(1.2236, device='cuda:0', grad_fn=<DivBackward0>)  lr: 0.015
******Testing...
Acc: 0.8814804173325911 ( 196348 / 222748 )    Max acc so far: 0.8815208217357732
One epoch use time: 39.73493400000007

================= Epoch: 71 / 100 ===============
iter  2376 loss: tensor(1.2356, device='cuda:0', grad_fn=<DivBackward0>)  lr: 0.015
iter  4776 loss: tensor(1.2058, device='cuda:0', grad_fn=<DivBackward0>)  lr: 0.015
iter  7176 loss: tensor(1.1575, device='cuda:0', grad_fn=<DivBackward0>)  lr: 0.015
iter  9576 loss: tensor(1.2161, device='cuda:0', grad_fn=<DivBackward0>)  lr: 0.015
iter  11976 loss: tensor(1.2349, device='cuda:0', grad_fn=<DivBackward0>)  lr: 0.015
iter  14376 loss: tensor(1.2013, device='cuda:0', grad_fn=<DivBackward0>)  lr: 0.015
******Testing...
The confusion matrix is saved in checkpoint_lstm//Con_Matrix.txt
Max accuracy's model is saved in  checkpoint_lstm//epoch_max_accuracy.pkl
Acc: 0.8817363118860776 ( 196405 / 222748 )    Max acc so far: 0.8817363118860776
One epoch use time: 39.105241000000206

================= Epoch: 72 / 100 ===============
iter  2376 loss: tensor(1.2154, device='cuda:0', grad_fn=<DivBackward0>)  lr: 0.015
iter  4776 loss: tensor(1.1883, device='cuda:0', grad_fn=<DivBackward0>)  lr: 0.015
iter  7176 loss: tensor(1.1384, device='cuda:0', grad_fn=<DivBackward0>)  lr: 0.015
iter  9576 loss: tensor(1.1959, device='cuda:0', grad_fn=<DivBackward0>)  lr: 0.015
iter  11976 loss: tensor(1.2141, device='cuda:0', grad_fn=<DivBackward0>)  lr: 0.015
iter  14376 loss: tensor(1.1853, device='cuda:0', grad_fn=<DivBackward0>)  lr: 0.015
******Testing...
Acc: 0.881597141164006 ( 196374 / 222748 )    Max acc so far: 0.8817363118860776
One epoch use time: 38.7384390000002

================= Epoch: 73 / 100 ===============
iter  2376 loss: tensor(1.1956, device='cuda:0', grad_fn=<DivBackward0>)  lr: 0.015
iter  4776 loss: tensor(1.1660, device='cuda:0', grad_fn=<DivBackward0>)  lr: 0.015
iter  7176 loss: tensor(1.1193, device='cuda:0', grad_fn=<DivBackward0>)  lr: 0.015
iter  9576 loss: tensor(1.1759, device='cuda:0', grad_fn=<DivBackward0>)  lr: 0.015
iter  11976 loss: tensor(1.1939, device='cuda:0', grad_fn=<DivBackward0>)  lr: 0.015
iter  14376 loss: tensor(1.1611, device='cuda:0', grad_fn=<DivBackward0>)  lr: 0.015
******Testing...
Acc: 0.8816959074828955 ( 196396 / 222748 )    Max acc so far: 0.8817363118860776
One epoch use time: 37.82285000000002

================= Epoch: 74 / 100 ===============
iter  2376 loss: tensor(1.1767, device='cuda:0', grad_fn=<DivBackward0>)  lr: 0.015
iter  4776 loss: tensor(1.1508, device='cuda:0', grad_fn=<DivBackward0>)  lr: 0.015
iter  7176 loss: tensor(1.1010, device='cuda:0', grad_fn=<DivBackward0>)  lr: 0.015
iter  9576 loss: tensor(1.1568, device='cuda:0', grad_fn=<DivBackward0>)  lr: 0.015
iter  11976 loss: tensor(1.1741, device='cuda:0', grad_fn=<DivBackward0>)  lr: 0.015
iter  14376 loss: tensor(1.1474, device='cuda:0', grad_fn=<DivBackward0>)  lr: 0.015
******Testing...
The confusion matrix is saved in checkpoint_lstm//Con_Matrix.txt
Max accuracy's model is saved in  checkpoint_lstm//epoch_max_accuracy.pkl
Acc: 0.8819832276833013 ( 196460 / 222748 )    Max acc so far: 0.8819832276833013
One epoch use time: 38.445381

================= Epoch: 75 / 100 ===============
iter  2376 loss: tensor(1.1576, device='cuda:0', grad_fn=<DivBackward0>)  lr: 0.015
iter  4776 loss: tensor(1.1284, device='cuda:0', grad_fn=<DivBackward0>)  lr: 0.015
iter  7176 loss: tensor(1.0829, device='cuda:0', grad_fn=<DivBackward0>)  lr: 0.015
iter  9576 loss: tensor(1.1377, device='cuda:0', grad_fn=<DivBackward0>)  lr: 0.015
iter  11976 loss: tensor(1.1546, device='cuda:0', grad_fn=<DivBackward0>)  lr: 0.015
iter  14376 loss: tensor(1.1239, device='cuda:0', grad_fn=<DivBackward0>)  lr: 0.015
******Testing...
The confusion matrix is saved in checkpoint_lstm//Con_Matrix.txt
Max accuracy's model is saved in  checkpoint_lstm//epoch_max_accuracy.pkl
Acc: 0.8820685258677968 ( 196479 / 222748 )    Max acc so far: 0.8820685258677968
One epoch use time: 40.49396900000011

================= Epoch: 76 / 100 ===============
iter  2376 loss: tensor(1.1397, device='cuda:0', grad_fn=<DivBackward0>)  lr: 0.015
iter  4776 loss: tensor(1.1121, device='cuda:0', grad_fn=<DivBackward0>)  lr: 0.015
iter  7176 loss: tensor(1.0652, device='cuda:0', grad_fn=<DivBackward0>)  lr: 0.015
iter  9576 loss: tensor(1.1192, device='cuda:0', grad_fn=<DivBackward0>)  lr: 0.015
iter  11976 loss: tensor(1.1358, device='cuda:0', grad_fn=<DivBackward0>)  lr: 0.015
iter  14376 loss: tensor(1.1082, device='cuda:0', grad_fn=<DivBackward0>)  lr: 0.015
******Testing...
The confusion matrix is saved in checkpoint_lstm//Con_Matrix.txt
Max accuracy's model is saved in  checkpoint_lstm//epoch_max_accuracy.pkl
Acc: 0.8821134196491102 ( 196489 / 222748 )    Max acc so far: 0.8821134196491102
One epoch use time: 38.612802999999985

================= Epoch: 77 / 100 ===============
iter  2376 loss: tensor(1.1215, device='cuda:0', grad_fn=<DivBackward0>)  lr: 0.015
iter  4776 loss: tensor(1.0926, device='cuda:0', grad_fn=<DivBackward0>)  lr: 0.015
iter  7176 loss: tensor(1.0482, device='cuda:0', grad_fn=<DivBackward0>)  lr: 0.015
iter  9576 loss: tensor(1.1012, device='cuda:0', grad_fn=<DivBackward0>)  lr: 0.015
iter  11976 loss: tensor(1.1171, device='cuda:0', grad_fn=<DivBackward0>)  lr: 0.015
iter  14376 loss: tensor(1.0869, device='cuda:0', grad_fn=<DivBackward0>)  lr: 0.015
******Testing...
The confusion matrix is saved in checkpoint_lstm//Con_Matrix.txt
Max accuracy's model is saved in  checkpoint_lstm//epoch_max_accuracy.pkl
Acc: 0.8822076965898684 ( 196510 / 222748 )    Max acc so far: 0.8822076965898684
One epoch use time: 38.65456600000016

================= Epoch: 78 / 100 ===============
iter  2376 loss: tensor(1.1044, device='cuda:0', grad_fn=<DivBackward0>)  lr: 0.015
iter  4776 loss: tensor(1.0802, device='cuda:0', grad_fn=<DivBackward0>)  lr: 0.015
iter  7176 loss: tensor(1.0315, device='cuda:0', grad_fn=<DivBackward0>)  lr: 0.015
iter  9576 loss: tensor(1.0837, device='cuda:0', grad_fn=<DivBackward0>)  lr: 0.015
iter  11976 loss: tensor(1.0992, device='cuda:0', grad_fn=<DivBackward0>)  lr: 0.015
iter  14376 loss: tensor(1.0762, device='cuda:0', grad_fn=<DivBackward0>)  lr: 0.015
******Testing...
The confusion matrix is saved in checkpoint_lstm//Con_Matrix.txt
Max accuracy's model is saved in  checkpoint_lstm//epoch_max_accuracy.pkl
Acc: 0.8822660585055758 ( 196523 / 222748 )    Max acc so far: 0.8822660585055758
One epoch use time: 39.48147400000016

================= Epoch: 79 / 100 ===============
iter  2376 loss: tensor(1.0870, device='cuda:0', grad_fn=<DivBackward0>)  lr: 0.015
iter  4776 loss: tensor(1.0584, device='cuda:0', grad_fn=<DivBackward0>)  lr: 0.015
iter  7176 loss: tensor(1.0152, device='cuda:0', grad_fn=<DivBackward0>)  lr: 0.015
iter  9576 loss: tensor(1.0662, device='cuda:0', grad_fn=<DivBackward0>)  lr: 0.015
iter  11976 loss: tensor(1.0812, device='cuda:0', grad_fn=<DivBackward0>)  lr: 0.015
iter  14376 loss: tensor(1.0541, device='cuda:0', grad_fn=<DivBackward0>)  lr: 0.015
******Testing...
The confusion matrix is saved in checkpoint_lstm//Con_Matrix.txt
Max accuracy's model is saved in  checkpoint_lstm//epoch_max_accuracy.pkl
Acc: 0.882387271715122 ( 196550 / 222748 )    Max acc so far: 0.882387271715122
One epoch use time: 39.249233000000004

================= Epoch: 80 / 100 ===============
iter  2376 loss: tensor(1.0708, device='cuda:0', grad_fn=<DivBackward0>)  lr: 0.015
iter  4776 loss: tensor(1.0425, device='cuda:0', grad_fn=<DivBackward0>)  lr: 0.015
iter  7176 loss: tensor(0.9986, device='cuda:0', grad_fn=<DivBackward0>)  lr: 0.015
iter  9576 loss: tensor(1.0493, device='cuda:0', grad_fn=<DivBackward0>)  lr: 0.015
iter  11976 loss: tensor(1.0639, device='cuda:0', grad_fn=<DivBackward0>)  lr: 0.015
iter  14376 loss: tensor(1.0372, device='cuda:0', grad_fn=<DivBackward0>)  lr: 0.015
******Testing...
The confusion matrix is saved in checkpoint_lstm//Con_Matrix.txt
Max accuracy's model is saved in  checkpoint_lstm//epoch_max_accuracy.pkl
Acc: 0.882795805125074 ( 196641 / 222748 )    Max acc so far: 0.882795805125074
One epoch use time: 38.98801400000002

================= Epoch: 81 / 100 ===============
iter  2376 loss: tensor(1.0541, device='cuda:0', grad_fn=<DivBackward0>)  lr: 0.015
iter  4776 loss: tensor(1.0267, device='cuda:0', grad_fn=<DivBackward0>)  lr: 0.015
iter  7176 loss: tensor(0.9832, device='cuda:0', grad_fn=<DivBackward0>)  lr: 0.015
iter  9576 loss: tensor(1.0329, device='cuda:0', grad_fn=<DivBackward0>)  lr: 0.015
iter  11976 loss: tensor(1.0469, device='cuda:0', grad_fn=<DivBackward0>)  lr: 0.015
iter  14376 loss: tensor(1.0217, device='cuda:0', grad_fn=<DivBackward0>)  lr: 0.015
******Testing...
The confusion matrix is saved in checkpoint_lstm//Con_Matrix.txt
Max accuracy's model is saved in  checkpoint_lstm//epoch_max_accuracy.pkl
Acc: 0.8829215077127516 ( 196669 / 222748 )    Max acc so far: 0.8829215077127516
One epoch use time: 42.39409400000022

================= Epoch: 82 / 100 ===============
iter  2376 loss: tensor(1.0385, device='cuda:0', grad_fn=<DivBackward0>)  lr: 0.015
iter  4776 loss: tensor(1.0103, device='cuda:0', grad_fn=<DivBackward0>)  lr: 0.015
iter  7176 loss: tensor(0.9677, device='cuda:0', grad_fn=<DivBackward0>)  lr: 0.015
iter  9576 loss: tensor(1.0166, device='cuda:0', grad_fn=<DivBackward0>)  lr: 0.015
iter  11976 loss: tensor(1.0303, device='cuda:0', grad_fn=<DivBackward0>)  lr: 0.015
iter  14376 loss: tensor(1.0046, device='cuda:0', grad_fn=<DivBackward0>)  lr: 0.015
******Testing...
Acc: 0.8826745919155279 ( 196614 / 222748 )    Max acc so far: 0.8829215077127516
One epoch use time: 38.767483000000084

================= Epoch: 83 / 100 ===============
iter  2376 loss: tensor(1.0226, device='cuda:0', grad_fn=<DivBackward0>)  lr: 0.015
iter  4776 loss: tensor(0.9967, device='cuda:0', grad_fn=<DivBackward0>)  lr: 0.015
iter  7176 loss: tensor(0.9529, device='cuda:0', grad_fn=<DivBackward0>)  lr: 0.015
iter  9576 loss: tensor(1.0010, device='cuda:0', grad_fn=<DivBackward0>)  lr: 0.015
iter  11976 loss: tensor(1.0140, device='cuda:0', grad_fn=<DivBackward0>)  lr: 0.015
iter  14376 loss: tensor(0.9923, device='cuda:0', grad_fn=<DivBackward0>)  lr: 0.015
******Testing...
Acc: 0.8829080395783576 ( 196666 / 222748 )    Max acc so far: 0.8829215077127516
One epoch use time: 37.986713000000236

================= Epoch: 84 / 100 ===============
iter  2376 loss: tensor(1.0075, device='cuda:0', grad_fn=<DivBackward0>)  lr: 0.015
iter  4776 loss: tensor(0.9794, device='cuda:0', grad_fn=<DivBackward0>)  lr: 0.015
iter  7176 loss: tensor(0.9382, device='cuda:0', grad_fn=<DivBackward0>)  lr: 0.015
iter  9576 loss: tensor(0.9855, device='cuda:0', grad_fn=<DivBackward0>)  lr: 0.015
iter  11976 loss: tensor(0.9980, device='cuda:0', grad_fn=<DivBackward0>)  lr: 0.015
iter  14376 loss: tensor(0.9730, device='cuda:0', grad_fn=<DivBackward0>)  lr: 0.015
******Testing...
Acc: 0.8827060175624473 ( 196621 / 222748 )    Max acc so far: 0.8829215077127516
One epoch use time: 39.08658999999989

================= Epoch: 85 / 100 ===============
iter  2376 loss: tensor(0.9927, device='cuda:0', grad_fn=<DivBackward0>)  lr: 0.015
iter  4776 loss: tensor(0.9693, device='cuda:0', grad_fn=<DivBackward0>)  lr: 0.015
iter  7176 loss: tensor(0.9241, device='cuda:0', grad_fn=<DivBackward0>)  lr: 0.015
iter  9576 loss: tensor(0.9707, device='cuda:0', grad_fn=<DivBackward0>)  lr: 0.015
iter  11976 loss: tensor(0.9824, device='cuda:0', grad_fn=<DivBackward0>)  lr: 0.015
iter  14376 loss: tensor(0.9647, device='cuda:0', grad_fn=<DivBackward0>)  lr: 0.015
******Testing...
Acc: 0.8827239750749726 ( 196625 / 222748 )    Max acc so far: 0.8829215077127516
One epoch use time: 38.50147900000002

================= Epoch: 86 / 100 ===============
iter  2376 loss: tensor(0.9779, device='cuda:0', grad_fn=<DivBackward0>)  lr: 0.015
iter  4776 loss: tensor(0.9504, device='cuda:0', grad_fn=<DivBackward0>)  lr: 0.015
iter  7176 loss: tensor(0.9101, device='cuda:0', grad_fn=<DivBackward0>)  lr: 0.015
iter  9576 loss: tensor(0.9557, device='cuda:0', grad_fn=<DivBackward0>)  lr: 0.015
iter  11976 loss: tensor(0.9671, device='cuda:0', grad_fn=<DivBackward0>)  lr: 0.015
iter  14376 loss: tensor(0.9451, device='cuda:0', grad_fn=<DivBackward0>)  lr: 0.015
******Testing...
Acc: 0.8828362095282561 ( 196650 / 222748 )    Max acc so far: 0.8829215077127516
One epoch use time: 41.21367900000041

================= Epoch: 87 / 100 ===============
iter  2376 loss: tensor(0.9640, device='cuda:0', grad_fn=<DivBackward0>)  lr: 0.015
iter  4776 loss: tensor(0.9368, device='cuda:0', grad_fn=<DivBackward0>)  lr: 0.015
iter  7176 loss: tensor(0.8960, device='cuda:0', grad_fn=<DivBackward0>)  lr: 0.015
iter  9576 loss: tensor(0.9410, device='cuda:0', grad_fn=<DivBackward0>)  lr: 0.015
iter  11976 loss: tensor(0.9521, device='cuda:0', grad_fn=<DivBackward0>)  lr: 0.015
iter  14376 loss: tensor(0.9308, device='cuda:0', grad_fn=<DivBackward0>)  lr: 0.015
******Testing...
Acc: 0.8828002945032054 ( 196642 / 222748 )    Max acc so far: 0.8829215077127516
One epoch use time: 38.16621299999997

================= Epoch: 88 / 100 ===============
iter  2376 loss: tensor(0.9496, device='cuda:0', grad_fn=<DivBackward0>)  lr: 0.015
iter  4776 loss: tensor(0.9231, device='cuda:0', grad_fn=<DivBackward0>)  lr: 0.015
iter  7176 loss: tensor(0.8828, device='cuda:0', grad_fn=<DivBackward0>)  lr: 0.015
iter  9576 loss: tensor(0.9269, device='cuda:0', grad_fn=<DivBackward0>)  lr: 0.015
iter  11976 loss: tensor(0.9374, device='cuda:0', grad_fn=<DivBackward0>)  lr: 0.015
iter  14376 loss: tensor(0.9170, device='cuda:0', grad_fn=<DivBackward0>)  lr: 0.015
******Testing...
The confusion matrix is saved in checkpoint_lstm//Con_Matrix.txt
Max accuracy's model is saved in  checkpoint_lstm//epoch_max_accuracy.pkl
Acc: 0.8833839136602798 ( 196772 / 222748 )    Max acc so far: 0.8833839136602798
One epoch use time: 38.65230199999996

================= Epoch: 89 / 100 ===============
iter  2376 loss: tensor(0.9362, device='cuda:0', grad_fn=<DivBackward0>)  lr: 0.015
iter  4776 loss: tensor(0.9095, device='cuda:0', grad_fn=<DivBackward0>)  lr: 0.015
iter  7176 loss: tensor(0.8694, device='cuda:0', grad_fn=<DivBackward0>)  lr: 0.015
iter  9576 loss: tensor(0.9130, device='cuda:0', grad_fn=<DivBackward0>)  lr: 0.015
iter  11976 loss: tensor(0.9230, device='cuda:0', grad_fn=<DivBackward0>)  lr: 0.015
iter  14376 loss: tensor(0.9033, device='cuda:0', grad_fn=<DivBackward0>)  lr: 0.015
******Testing...
The confusion matrix is saved in checkpoint_lstm//Con_Matrix.txt
Max accuracy's model is saved in  checkpoint_lstm//epoch_max_accuracy.pkl
Acc: 0.8834737012229066 ( 196792 / 222748 )    Max acc so far: 0.8834737012229066
One epoch use time: 38.19625300000007

================= Epoch: 90 / 100 ===============
iter  2376 loss: tensor(0.9226, device='cuda:0', grad_fn=<DivBackward0>)  lr: 0.015
iter  4776 loss: tensor(0.8964, device='cuda:0', grad_fn=<DivBackward0>)  lr: 0.015
iter  7176 loss: tensor(0.8566, device='cuda:0', grad_fn=<DivBackward0>)  lr: 0.015
iter  9576 loss: tensor(0.8994, device='cuda:0', grad_fn=<DivBackward0>)  lr: 0.015
iter  11976 loss: tensor(0.9089, device='cuda:0', grad_fn=<DivBackward0>)  lr: 0.015
iter  14376 loss: tensor(0.8900, device='cuda:0', grad_fn=<DivBackward0>)  lr: 0.015
******Testing...
Acc: 0.8833928924165425 ( 196774 / 222748 )    Max acc so far: 0.8834737012229066
One epoch use time: 38.0123980000003

================= Epoch: 91 / 100 ===============
iter  2376 loss: tensor(0.9096, device='cuda:0', grad_fn=<DivBackward0>)  lr: 0.015
iter  4776 loss: tensor(0.8835, device='cuda:0', grad_fn=<DivBackward0>)  lr: 0.015
iter  7176 loss: tensor(0.8440, device='cuda:0', grad_fn=<DivBackward0>)  lr: 0.015
iter  9576 loss: tensor(0.8862, device='cuda:0', grad_fn=<DivBackward0>)  lr: 0.015
iter  11976 loss: tensor(0.8950, device='cuda:0', grad_fn=<DivBackward0>)  lr: 0.015
iter  14376 loss: tensor(0.8772, device='cuda:0', grad_fn=<DivBackward0>)  lr: 0.015
******Testing...
Acc: 0.8834108499290678 ( 196778 / 222748 )    Max acc so far: 0.8834737012229066
One epoch use time: 37.99408600000015

================= Epoch: 92 / 100 ===============
iter  2376 loss: tensor(0.8966, device='cuda:0', grad_fn=<DivBackward0>)  lr: 0.015
iter  4776 loss: tensor(0.8709, device='cuda:0', grad_fn=<DivBackward0>)  lr: 0.015
iter  7176 loss: tensor(0.8329, device='cuda:0', grad_fn=<DivBackward0>)  lr: 0.015
iter  9576 loss: tensor(0.8732, device='cuda:0', grad_fn=<DivBackward0>)  lr: 0.015
iter  11976 loss: tensor(0.8816, device='cuda:0', grad_fn=<DivBackward0>)  lr: 0.015
iter  14376 loss: tensor(0.8635, device='cuda:0', grad_fn=<DivBackward0>)  lr: 0.015
******Testing...
The confusion matrix is saved in checkpoint_lstm//Con_Matrix.txt
Max accuracy's model is saved in  checkpoint_lstm//epoch_max_accuracy.pkl
Acc: 0.883505126869826 ( 196799 / 222748 )    Max acc so far: 0.883505126869826
One epoch use time: 38.10588000000007

================= Epoch: 93 / 100 ===============
iter  2376 loss: tensor(0.8843, device='cuda:0', grad_fn=<DivBackward0>)  lr: 0.015
iter  4776 loss: tensor(0.8594, device='cuda:0', grad_fn=<DivBackward0>)  lr: 0.015
iter  7176 loss: tensor(0.8198, device='cuda:0', grad_fn=<DivBackward0>)  lr: 0.015
iter  9576 loss: tensor(0.8604, device='cuda:0', grad_fn=<DivBackward0>)  lr: 0.015
iter  11976 loss: tensor(0.8683, device='cuda:0', grad_fn=<DivBackward0>)  lr: 0.015
iter  14376 loss: tensor(0.8534, device='cuda:0', grad_fn=<DivBackward0>)  lr: 0.015
******Testing...
The confusion matrix is saved in checkpoint_lstm//Con_Matrix.txt
Max accuracy's model is saved in  checkpoint_lstm//epoch_max_accuracy.pkl
Acc: 0.8835769569199274 ( 196815 / 222748 )    Max acc so far: 0.8835769569199274
One epoch use time: 38.934098000000176

================= Epoch: 94 / 100 ===============
iter  2376 loss: tensor(0.8717, device='cuda:0', grad_fn=<DivBackward0>)  lr: 0.015
iter  4776 loss: tensor(0.8453, device='cuda:0', grad_fn=<DivBackward0>)  lr: 0.015
iter  7176 loss: tensor(0.8080, device='cuda:0', grad_fn=<DivBackward0>)  lr: 0.015
iter  9576 loss: tensor(0.8477, device='cuda:0', grad_fn=<DivBackward0>)  lr: 0.015
iter  11976 loss: tensor(0.8554, device='cuda:0', grad_fn=<DivBackward0>)  lr: 0.015
iter  14376 loss: tensor(0.8375, device='cuda:0', grad_fn=<DivBackward0>)  lr: 0.015
******Testing...
The confusion matrix is saved in checkpoint_lstm//Con_Matrix.txt
Max accuracy's model is saved in  checkpoint_lstm//epoch_max_accuracy.pkl
Acc: 0.8836442975918976 ( 196830 / 222748 )    Max acc so far: 0.8836442975918976
One epoch use time: 39.51301799999965

================= Epoch: 95 / 100 ===============
iter  2376 loss: tensor(0.8599, device='cuda:0', grad_fn=<DivBackward0>)  lr: 0.015
iter  4776 loss: tensor(0.8385, device='cuda:0', grad_fn=<DivBackward0>)  lr: 0.015
iter  7176 loss: tensor(0.7966, device='cuda:0', grad_fn=<DivBackward0>)  lr: 0.015
iter  9576 loss: tensor(0.8358, device='cuda:0', grad_fn=<DivBackward0>)  lr: 0.015
iter  11976 loss: tensor(0.8427, device='cuda:0', grad_fn=<DivBackward0>)  lr: 0.015
iter  14376 loss: tensor(0.8327, device='cuda:0', grad_fn=<DivBackward0>)  lr: 0.015
******Testing...
The confusion matrix is saved in checkpoint_lstm//Con_Matrix.txt
Max accuracy's model is saved in  checkpoint_lstm//epoch_max_accuracy.pkl
Acc: 0.8836936807513424 ( 196841 / 222748 )    Max acc so far: 0.8836936807513424
One epoch use time: 39.22686500000009

================= Epoch: 96 / 100 ===============
iter  2376 loss: tensor(0.8477, device='cuda:0', grad_fn=<DivBackward0>)  lr: 0.015
iter  4776 loss: tensor(0.8216, device='cuda:0', grad_fn=<DivBackward0>)  lr: 0.015
iter  7176 loss: tensor(0.7852, device='cuda:0', grad_fn=<DivBackward0>)  lr: 0.015
iter  9576 loss: tensor(0.8235, device='cuda:0', grad_fn=<DivBackward0>)  lr: 0.015
iter  11976 loss: tensor(0.8307, device='cuda:0', grad_fn=<DivBackward0>)  lr: 0.015
iter  14376 loss: tensor(0.8159, device='cuda:0', grad_fn=<DivBackward0>)  lr: 0.015
******Testing...
Acc: 0.8836128719449782 ( 196823 / 222748 )    Max acc so far: 0.8836936807513424
One epoch use time: 38.61731499999996

================= Epoch: 97 / 100 ===============
iter  2376 loss: tensor(0.8368, device='cuda:0', grad_fn=<DivBackward0>)  lr: 0.015
iter  4776 loss: tensor(0.8106, device='cuda:0', grad_fn=<DivBackward0>)  lr: 0.015
iter  7176 loss: tensor(0.7738, device='cuda:0', grad_fn=<DivBackward0>)  lr: 0.015
iter  9576 loss: tensor(0.8116, device='cuda:0', grad_fn=<DivBackward0>)  lr: 0.015
iter  11976 loss: tensor(0.8180, device='cuda:0', grad_fn=<DivBackward0>)  lr: 0.015
iter  14376 loss: tensor(0.8029, device='cuda:0', grad_fn=<DivBackward0>)  lr: 0.015
******Testing...
Acc: 0.8836936807513424 ( 196841 / 222748 )    Max acc so far: 0.8836936807513424
One epoch use time: 38.74774500000012

================= Epoch: 98 / 100 ===============
iter  2376 loss: tensor(0.8247, device='cuda:0', grad_fn=<DivBackward0>)  lr: 0.015
iter  4776 loss: tensor(0.8010, device='cuda:0', grad_fn=<DivBackward0>)  lr: 0.015
iter  7176 loss: tensor(0.7631, device='cuda:0', grad_fn=<DivBackward0>)  lr: 0.015
iter  9576 loss: tensor(0.8002, device='cuda:0', grad_fn=<DivBackward0>)  lr: 0.015
iter  11976 loss: tensor(0.8059, device='cuda:0', grad_fn=<DivBackward0>)  lr: 0.015
iter  14376 loss: tensor(0.7949, device='cuda:0', grad_fn=<DivBackward0>)  lr: 0.015
******Testing...
The confusion matrix is saved in checkpoint_lstm//Con_Matrix.txt
Max accuracy's model is saved in  checkpoint_lstm//epoch_max_accuracy.pkl
Acc: 0.8837475532889184 ( 196853 / 222748 )    Max acc so far: 0.8837475532889184
One epoch use time: 39.06571099999974

================= Epoch: 99 / 100 ===============
iter  2376 loss: tensor(0.8139, device='cuda:0', grad_fn=<DivBackward0>)  lr: 0.015
iter  4776 loss: tensor(0.7886, device='cuda:0', grad_fn=<DivBackward0>)  lr: 0.015
iter  7176 loss: tensor(0.7536, device='cuda:0', grad_fn=<DivBackward0>)  lr: 0.015
iter  9576 loss: tensor(0.7889, device='cuda:0', grad_fn=<DivBackward0>)  lr: 0.015
iter  11976 loss: tensor(0.7943, device='cuda:0', grad_fn=<DivBackward0>)  lr: 0.015
iter  14376 loss: tensor(0.7796, device='cuda:0', grad_fn=<DivBackward0>)  lr: 0.015
******Testing...
The confusion matrix is saved in checkpoint_lstm//Con_Matrix.txt
Max accuracy's model is saved in  checkpoint_lstm//epoch_max_accuracy.pkl
Acc: 0.8837834683139691 ( 196861 / 222748 )    Max acc so far: 0.8837834683139691
One epoch use time: 39.27195800000027
